2020-01-14 00:07:21,288 INFO VIPSRV-PUSH

2020-01-14 00:07:39,124 INFO nacos-consumer-feign is changed, add it to push queue.

2020-01-14 00:07:41,292 INFO VIPSRV-PUSH

2020-01-14 00:08:01,293 INFO VIPSRV-PUSH

2020-01-14 00:08:21,294 INFO VIPSRV-PUSH

2020-01-14 00:08:41,295 INFO VIPSRV-PUSH

2020-01-14 00:09:01,295 INFO VIPSRV-PUSH

2020-01-14 00:09:21,296 INFO VIPSRV-PUSH

2020-01-14 00:09:41,297 INFO VIPSRV-PUSH

2020-01-14 00:10:01,298 INFO VIPSRV-PUSH

2020-01-14 00:10:16,338 INFO nacos-provider is changed, add it to push queue.

2020-01-14 00:10:16,339 INFO dom: nacos-provider changed, schedule push for: 192.168.43.191:57426, agent: Nacos-Java-Client:v0.2.1, key: 192.168.43.191,57426,39971478327700

2020-01-14 00:10:16,341 INFO send udp packet: 192.168.43.191,57426,39971478327700

2020-01-14 00:10:16,348 INFO received ack: {"type": "push-ack", "lastRefTime":"39971478327700", "data":""} from: 192.168.43.191:57426, cost: 7ms, unacked: 0,total push: 1

2020-01-14 00:10:21,299 INFO VIPSRV-PUSH

2020-01-14 00:10:41,300 INFO VIPSRV-PUSH

2020-01-14 00:11:01,300 INFO VIPSRV-PUSH

2020-01-14 00:11:21,301 INFO VIPSRV-PUSH

2020-01-14 00:11:34,126 INFO nacos-provider is changed, add it to push queue.

2020-01-14 00:11:34,126 INFO dom: nacos-provider changed, schedule push for: 192.168.43.191:57426, agent: Nacos-Java-Client:v0.2.1, key: 192.168.43.191,57426,40049266732900

2020-01-14 00:11:34,126 INFO send udp packet: 192.168.43.191,57426,40049266732900

2020-01-14 00:11:34,128 INFO received ack: {"type": "push-ack", "lastRefTime":"40049266732900", "data":""} from: 192.168.43.191:57426, cost: 2ms, unacked: 0,total push: 2

2020-01-14 00:11:41,303 INFO VIPSRV-PUSH

2020-01-14 00:12:01,304 INFO VIPSRV-PUSH

2020-01-14 00:12:21,304 INFO VIPSRV-PUSH

2020-01-14 00:12:41,305 INFO VIPSRV-PUSH

2020-01-14 00:13:01,306 INFO VIPSRV-PUSH

2020-01-14 00:13:21,306 INFO VIPSRV-PUSH

2020-01-14 00:13:41,306 INFO VIPSRV-PUSH

2020-01-14 00:14:01,308 INFO VIPSRV-PUSH

2020-01-14 00:14:21,309 INFO VIPSRV-PUSH

2020-01-14 00:14:41,310 INFO VIPSRV-PUSH

2020-01-14 00:15:01,311 INFO VIPSRV-PUSH

2020-01-14 00:15:21,312 INFO VIPSRV-PUSH

2020-01-14 00:15:41,313 INFO VIPSRV-PUSH

2020-01-14 00:16:01,314 INFO VIPSRV-PUSH

2020-01-14 00:16:21,315 INFO VIPSRV-PUSH

2020-01-14 00:16:41,316 INFO VIPSRV-PUSH

2020-01-14 00:17:01,317 INFO VIPSRV-PUSH

2020-01-14 00:17:21,318 INFO VIPSRV-PUSH

2020-01-14 00:17:41,319 INFO VIPSRV-PUSH

2020-01-14 00:18:01,319 INFO VIPSRV-PUSH

2020-01-14 00:18:21,320 INFO VIPSRV-PUSH

2020-01-14 00:18:41,320 INFO VIPSRV-PUSH

2020-01-14 00:19:01,322 INFO VIPSRV-PUSH

2020-01-14 00:19:21,323 INFO VIPSRV-PUSH

2020-01-14 00:19:41,323 INFO VIPSRV-PUSH

2020-01-14 00:20:01,324 INFO VIPSRV-PUSH

2020-01-14 00:20:21,324 INFO VIPSRV-PUSH

2020-01-14 00:20:41,325 INFO VIPSRV-PUSH

2020-01-14 00:21:01,325 INFO VIPSRV-PUSH

2020-01-14 00:21:21,326 INFO VIPSRV-PUSH

2020-01-14 00:21:41,326 INFO VIPSRV-PUSH

2020-01-14 00:22:01,327 INFO VIPSRV-PUSH

2020-01-14 00:22:21,328 INFO VIPSRV-PUSH

2020-01-14 00:22:41,328 INFO VIPSRV-PUSH

2020-01-14 00:23:01,330 INFO VIPSRV-PUSH

2020-01-14 00:23:21,331 INFO VIPSRV-PUSH

2020-01-14 00:23:41,331 INFO VIPSRV-PUSH

2020-01-14 00:24:01,332 INFO VIPSRV-PUSH

2020-01-14 00:24:21,333 INFO VIPSRV-PUSH

2020-01-14 00:24:41,333 INFO VIPSRV-PUSH

2020-01-14 00:25:01,334 INFO VIPSRV-PUSH

2020-01-14 00:25:21,335 INFO VIPSRV-PUSH

2020-01-14 00:25:41,335 INFO VIPSRV-PUSH

2020-01-14 00:26:01,336 INFO VIPSRV-PUSH

2020-01-14 00:26:21,337 INFO VIPSRV-PUSH

2020-01-14 00:26:41,338 INFO VIPSRV-PUSH

2020-01-14 00:27:01,339 INFO VIPSRV-PUSH

2020-01-14 00:27:21,340 INFO VIPSRV-PUSH

2020-01-14 00:27:41,341 INFO VIPSRV-PUSH

2020-01-14 00:28:01,341 INFO VIPSRV-PUSH

2020-01-14 00:28:21,342 INFO VIPSRV-PUSH

2020-01-14 00:28:41,343 INFO VIPSRV-PUSH

2020-01-14 00:29:01,345 INFO VIPSRV-PUSH

2020-01-14 00:29:21,346 INFO VIPSRV-PUSH

2020-01-14 00:29:41,347 INFO VIPSRV-PUSH

2020-01-14 00:30:01,348 INFO VIPSRV-PUSH

2020-01-14 00:30:21,349 INFO VIPSRV-PUSH

2020-01-14 00:30:41,350 INFO VIPSRV-PUSH

2020-01-14 00:31:01,351 INFO VIPSRV-PUSH

2020-01-14 00:31:21,353 INFO VIPSRV-PUSH

2020-01-14 00:31:41,353 INFO VIPSRV-PUSH

2020-01-14 00:32:01,354 INFO VIPSRV-PUSH

2020-01-14 00:32:21,354 INFO VIPSRV-PUSH

2020-01-14 00:32:24,873 INFO nacos-provider is changed, add it to push queue.

2020-01-14 00:32:24,873 INFO dom: nacos-provider changed, schedule push for: 192.168.43.191:57426, agent: Nacos-Java-Client:v0.2.1, key: 192.168.43.191,57426,41300013268600

2020-01-14 00:32:24,873 INFO send udp packet: 192.168.43.191,57426,41300013268600

2020-01-14 00:32:24,875 INFO received ack: {"type": "push-ack", "lastRefTime":"41300013268600", "data":""} from: 192.168.43.191:57426, cost: 2ms, unacked: 0,total push: 3

2020-01-14 00:32:39,885 INFO nacos-provider is changed, add it to push queue.

2020-01-14 00:32:39,885 INFO dom: nacos-provider changed, schedule push for: 192.168.43.191:57426, agent: Nacos-Java-Client:v0.2.1, key: 192.168.43.191,57426,41315025835600

2020-01-14 00:32:39,885 INFO send udp packet: 192.168.43.191,57426,41315025835600

2020-01-14 00:32:39,887 INFO received ack: {"type": "push-ack", "lastRefTime":"41315025835600", "data":""} from: 192.168.43.191:57426, cost: 2ms, unacked: 0,total push: 4

2020-01-14 00:32:41,355 INFO VIPSRV-PUSH

2020-01-14 00:33:01,356 INFO VIPSRV-PUSH

2020-01-14 00:33:21,356 INFO VIPSRV-PUSH

2020-01-14 00:33:41,357 INFO VIPSRV-PUSH

2020-01-14 00:34:01,357 INFO VIPSRV-PUSH

2020-01-14 00:34:21,363 INFO VIPSRV-PUSH

2020-01-14 00:34:41,366 INFO VIPSRV-PUSH

2020-01-14 00:34:59,825 INFO nacos-provider is changed, add it to push queue.

2020-01-14 00:34:59,825 INFO dom: nacos-provider changed, schedule push for: 192.168.43.191:57426, agent: Nacos-Java-Client:v0.2.1, key: 192.168.43.191,57426,41454965879200

2020-01-14 00:34:59,825 INFO send udp packet: 192.168.43.191,57426,41454965879200

2020-01-14 00:34:59,827 INFO received ack: {"type": "push-ack", "lastRefTime":"41454965879200", "data":""} from: 192.168.43.191:57426, cost: 2ms, unacked: 0,total push: 5

2020-01-14 00:35:01,366 INFO VIPSRV-PUSH

2020-01-14 00:35:19,914 INFO nacos-provider is changed, add it to push queue.

2020-01-14 00:35:19,914 INFO dom: nacos-provider changed, schedule push for: 192.168.43.191:57426, agent: Nacos-Java-Client:v0.2.1, key: 192.168.43.191,57426,41475055233300

2020-01-14 00:35:19,914 INFO send udp packet: 192.168.43.191,57426,41475055233300

2020-01-14 00:35:19,916 INFO received ack: {"type": "push-ack", "lastRefTime":"41475055233300", "data":""} from: 192.168.43.191:57426, cost: 2ms, unacked: 0,total push: 6

2020-01-14 00:35:21,367 INFO VIPSRV-PUSH

2020-01-14 00:35:34,918 INFO nacos-provider is changed, add it to push queue.

2020-01-14 00:35:34,918 INFO dom: nacos-provider changed, schedule push for: 192.168.43.191:57426, agent: Nacos-Java-Client:v0.2.1, key: 192.168.43.191,57426,41490059120400

2020-01-14 00:35:34,918 INFO send udp packet: 192.168.43.191,57426,41490059120400

2020-01-14 00:35:34,919 INFO received ack: {"type": "push-ack", "lastRefTime":"41490059120400", "data":""} from: 192.168.43.191:57426, cost: 1ms, unacked: 0,total push: 7

2020-01-14 00:35:41,368 INFO VIPSRV-PUSH

2020-01-14 00:35:44,833 INFO nacos-provider is changed, add it to push queue.

2020-01-14 00:35:44,833 INFO dom: nacos-provider changed, schedule push for: 192.168.43.191:57426, agent: Nacos-Java-Client:v0.2.1, key: 192.168.43.191,57426,41499974139900

2020-01-14 00:35:44,833 INFO send udp packet: 192.168.43.191,57426,41499974139900

2020-01-14 00:35:44,835 INFO received ack: {"type": "push-ack", "lastRefTime":"41499974139900", "data":""} from: 192.168.43.191:57426, cost: 2ms, unacked: 0,total push: 8

2020-01-14 00:36:01,368 INFO VIPSRV-PUSH

2020-01-14 00:36:21,369 INFO VIPSRV-PUSH

2020-01-14 00:36:29,924 INFO nacos-provider is changed, add it to push queue.

2020-01-14 00:36:29,924 INFO dom: nacos-provider changed, schedule push for: 192.168.43.191:57426, agent: Nacos-Java-Client:v0.2.1, key: 192.168.43.191,57426,41545064458600

2020-01-14 00:36:29,924 INFO send udp packet: 192.168.43.191,57426,41545064458600

2020-01-14 00:36:29,926 INFO received ack: {"type": "push-ack", "lastRefTime":"41545064458600", "data":""} from: 192.168.43.191:57426, cost: 2ms, unacked: 0,total push: 9

2020-01-14 00:36:36,399 INFO nacos-provider is changed, add it to push queue.

2020-01-14 00:36:36,399 INFO dom: nacos-provider changed, schedule push for: 192.168.43.191:57426, agent: Nacos-Java-Client:v0.2.1, key: 192.168.43.191,57426,41551539549600

2020-01-14 00:36:36,399 INFO send udp packet: 192.168.43.191,57426,41551539549600

2020-01-14 00:36:36,400 INFO received ack: {"type": "push-ack", "lastRefTime":"41551539549600", "data":""} from: 192.168.43.191:57426, cost: 1ms, unacked: 0,total push: 10

2020-01-14 00:36:41,369 INFO VIPSRV-PUSH

2020-01-14 00:36:44,928 INFO nacos-provider is changed, add it to push queue.

2020-01-14 00:36:44,928 INFO dom: nacos-provider changed, schedule push for: 192.168.43.191:57426, agent: Nacos-Java-Client:v0.2.1, key: 192.168.43.191,57426,41560068573400

2020-01-14 00:36:44,928 INFO send udp packet: 192.168.43.191,57426,41560068573400

2020-01-14 00:36:44,929 INFO received ack: {"type": "push-ack", "lastRefTime":"41560068573400", "data":""} from: 192.168.43.191:57426, cost: 1ms, unacked: 0,total push: 11

2020-01-14 00:37:01,371 INFO VIPSRV-PUSH

2020-01-14 00:37:21,372 INFO VIPSRV-PUSH

2020-01-14 00:37:31,613 INFO nacos-provider is changed, add it to push queue.

2020-01-14 00:37:31,613 INFO dom: nacos-provider changed, schedule push for: 192.168.43.191:57426, agent: Nacos-Java-Client:v0.2.1, key: 192.168.43.191,57426,41606753469700

2020-01-14 00:37:31,613 INFO send udp packet: 192.168.43.191,57426,41606753469700

2020-01-14 00:37:31,614 INFO received ack: {"type": "push-ack", "lastRefTime":"41606753469700", "data":""} from: 192.168.43.191:57426, cost: 1ms, unacked: 0,total push: 12

2020-01-14 00:37:41,372 INFO VIPSRV-PUSH

2020-01-14 00:38:01,373 INFO VIPSRV-PUSH

2020-01-14 00:38:21,374 INFO VIPSRV-PUSH

2020-01-14 00:38:41,375 INFO VIPSRV-PUSH

2020-01-14 00:39:01,376 INFO VIPSRV-PUSH

2020-01-14 00:39:21,376 INFO VIPSRV-PUSH

2020-01-14 00:39:41,377 INFO VIPSRV-PUSH

2020-01-14 00:40:01,378 INFO VIPSRV-PUSH

2020-01-14 00:40:21,378 INFO VIPSRV-PUSH

2020-01-14 00:40:41,379 INFO VIPSRV-PUSH

2020-01-14 00:41:01,381 INFO VIPSRV-PUSH

2020-01-14 00:41:12,896 INFO nacos-provider is changed, add it to push queue.

2020-01-14 00:41:12,896 INFO dom: nacos-provider changed, schedule push for: 192.168.43.191:57426, agent: Nacos-Java-Client:v0.2.1, key: 192.168.43.191,57426,41828036695900

2020-01-14 00:41:12,896 INFO send udp packet: 192.168.43.191,57426,41828036695900

2020-01-14 00:41:12,898 INFO received ack: {"type": "push-ack", "lastRefTime":"41828036695900", "data":""} from: 192.168.43.191:57426, cost: 2ms, unacked: 0,total push: 13

2020-01-14 00:41:21,381 INFO VIPSRV-PUSH

2020-01-14 00:41:41,381 INFO VIPSRV-PUSH

2020-01-14 00:41:51,247 INFO nacos-provider is changed, add it to push queue.

2020-01-14 00:41:51,247 INFO dom: nacos-provider changed, schedule push for: 192.168.43.191:57426, agent: Nacos-Java-Client:v0.2.1, key: 192.168.43.191,57426,41866387453500

2020-01-14 00:41:51,247 INFO send udp packet: 192.168.43.191,57426,41866387453500

2020-01-14 00:41:51,248 INFO received ack: {"type": "push-ack", "lastRefTime":"41866387453500", "data":""} from: 192.168.43.191:57426, cost: 1ms, unacked: 0,total push: 14

2020-01-14 00:42:01,382 INFO VIPSRV-PUSH

2020-01-14 00:42:21,383 INFO VIPSRV-PUSH

2020-01-14 00:42:41,384 INFO VIPSRV-PUSH

2020-01-14 00:43:01,384 INFO VIPSRV-PUSH

2020-01-14 00:43:21,385 INFO VIPSRV-PUSH

2020-01-14 00:43:28,498 INFO spring-gateway is changed, add it to push queue.

2020-01-14 00:43:41,385 INFO VIPSRV-PUSH

2020-01-14 00:44:01,387 INFO VIPSRV-PUSH

2020-01-14 00:44:21,388 INFO VIPSRV-PUSH

2020-01-14 00:44:41,389 INFO VIPSRV-PUSH

2020-01-14 00:45:01,390 INFO VIPSRV-PUSH

2020-01-14 00:45:21,391 INFO VIPSRV-PUSH

2020-01-14 00:45:41,391 INFO VIPSRV-PUSH

2020-01-14 00:46:01,392 INFO VIPSRV-PUSH

2020-01-14 00:46:21,394 INFO VIPSRV-PUSH

2020-01-14 00:46:41,394 INFO VIPSRV-PUSH

2020-01-14 00:47:01,395 INFO VIPSRV-PUSH

2020-01-14 00:47:21,396 INFO VIPSRV-PUSH

2020-01-14 00:47:41,397 INFO VIPSRV-PUSH

2020-01-14 00:48:01,398 INFO VIPSRV-PUSH

2020-01-14 00:48:21,399 INFO VIPSRV-PUSH

2020-01-14 00:48:41,399 INFO VIPSRV-PUSH

2020-01-14 00:49:01,400 INFO VIPSRV-PUSH

2020-01-14 00:49:21,401 INFO VIPSRV-PUSH

2020-01-14 00:49:41,402 INFO VIPSRV-PUSH

2020-01-14 00:50:01,403 INFO VIPSRV-PUSH

2020-01-14 00:50:21,404 INFO VIPSRV-PUSH

2020-01-14 00:50:41,404 INFO VIPSRV-PUSH

2020-01-14 00:51:01,406 INFO VIPSRV-PUSH

2020-01-14 00:51:21,408 INFO VIPSRV-PUSH

2020-01-14 00:51:41,409 INFO VIPSRV-PUSH

2020-01-14 00:52:01,409 INFO VIPSRV-PUSH

2020-01-14 00:52:21,409 INFO VIPSRV-PUSH

2020-01-14 00:52:41,410 INFO VIPSRV-PUSH

2020-01-14 00:53:01,411 INFO VIPSRV-PUSH

2020-01-14 00:53:21,411 INFO VIPSRV-PUSH

2020-01-14 13:09:31,823 INFO VIPSRV-PUSH

2020-01-14 13:09:51,825 INFO VIPSRV-PUSH

2020-01-14 13:10:11,827 INFO VIPSRV-PUSH

2020-01-14 13:10:31,829 INFO VIPSRV-PUSH

2020-01-14 13:10:51,830 INFO VIPSRV-PUSH

2020-01-14 13:11:11,830 INFO VIPSRV-PUSH

2020-01-14 13:13:34,273 INFO VIPSRV-PUSH

2020-01-14 13:13:54,275 INFO VIPSRV-PUSH

2020-01-14 13:14:14,276 INFO VIPSRV-PUSH

2020-01-14 13:14:16,722 INFO nacos-consumer-feign is changed, add it to push queue.

2020-01-14 13:14:25,495 INFO nacos-provider is changed, add it to push queue.

2020-01-14 13:14:34,277 INFO VIPSRV-PUSH

2020-01-14 13:14:35,240 INFO nacos-provider is changed, add it to push queue.

2020-01-14 13:14:54,277 INFO VIPSRV-PUSH

2020-01-14 13:15:14,278 INFO VIPSRV-PUSH

2020-01-14 13:15:29,882 INFO spring-gateway is changed, add it to push queue.

2020-01-14 13:15:34,279 INFO VIPSRV-PUSH

2020-01-14 13:15:54,280 INFO VIPSRV-PUSH

2020-01-14 13:16:14,282 INFO VIPSRV-PUSH

2020-01-14 13:16:34,282 INFO VIPSRV-PUSH

2020-01-14 13:16:54,283 INFO VIPSRV-PUSH

2020-01-14 13:17:14,285 INFO VIPSRV-PUSH

2020-01-14 13:17:34,285 INFO VIPSRV-PUSH

2020-01-14 13:17:54,287 INFO VIPSRV-PUSH

2020-01-14 13:18:14,287 INFO VIPSRV-PUSH

2020-01-14 13:18:34,287 INFO VIPSRV-PUSH

2020-01-14 13:18:54,288 INFO VIPSRV-PUSH

2020-01-14 13:19:14,289 INFO VIPSRV-PUSH

2020-01-14 13:19:34,290 INFO VIPSRV-PUSH

2020-01-14 13:19:54,291 INFO VIPSRV-PUSH

2020-01-14 13:20:14,292 INFO VIPSRV-PUSH

2020-01-14 13:20:34,293 INFO VIPSRV-PUSH

2020-01-14 13:20:54,293 INFO VIPSRV-PUSH

2020-01-14 13:21:14,294 INFO VIPSRV-PUSH

2020-01-14 13:21:34,296 INFO VIPSRV-PUSH

2020-01-14 13:21:54,297 INFO VIPSRV-PUSH

2020-01-14 13:22:14,299 INFO VIPSRV-PUSH

2020-01-14 13:22:34,299 INFO VIPSRV-PUSH

2020-01-14 13:22:54,300 INFO VIPSRV-PUSH

2020-01-14 13:23:14,301 INFO VIPSRV-PUSH

2020-01-14 13:23:34,302 INFO VIPSRV-PUSH

2020-01-14 13:23:54,302 INFO VIPSRV-PUSH

2020-01-14 13:24:14,303 INFO VIPSRV-PUSH

2020-01-14 13:24:34,304 INFO VIPSRV-PUSH

2020-01-14 13:24:54,305 INFO VIPSRV-PUSH

2020-01-14 13:25:14,305 INFO VIPSRV-PUSH

2020-01-14 13:25:34,307 INFO VIPSRV-PUSH

2020-01-14 13:25:54,308 INFO VIPSRV-PUSH

2020-01-14 13:26:14,309 INFO VIPSRV-PUSH

2020-01-14 13:26:34,311 INFO VIPSRV-PUSH

2020-01-14 13:26:54,312 INFO VIPSRV-PUSH

2020-01-14 13:27:14,313 INFO VIPSRV-PUSH

2020-01-14 13:27:34,313 INFO VIPSRV-PUSH

2020-01-14 13:27:54,313 INFO VIPSRV-PUSH

2020-01-14 13:28:14,315 INFO VIPSRV-PUSH

2020-01-14 13:28:34,316 INFO VIPSRV-PUSH

2020-01-14 13:28:54,316 INFO VIPSRV-PUSH

2020-01-14 13:29:14,317 INFO VIPSRV-PUSH

2020-01-14 13:29:34,318 INFO VIPSRV-PUSH

2020-01-14 13:29:54,318 INFO VIPSRV-PUSH

2020-01-14 13:30:14,320 INFO VIPSRV-PUSH

2020-01-14 13:30:34,320 INFO VIPSRV-PUSH

2020-01-14 13:30:54,321 INFO VIPSRV-PUSH

2020-01-14 13:31:14,323 INFO VIPSRV-PUSH

2020-01-14 13:31:34,324 INFO VIPSRV-PUSH

2020-01-14 13:31:54,325 INFO VIPSRV-PUSH

2020-01-14 13:32:14,326 INFO VIPSRV-PUSH

2020-01-14 13:32:34,327 INFO VIPSRV-PUSH

2020-01-14 13:32:54,327 INFO VIPSRV-PUSH

2020-01-14 13:33:14,328 INFO VIPSRV-PUSH

2020-01-14 13:33:34,328 INFO VIPSRV-PUSH

2020-01-14 13:33:54,329 INFO VIPSRV-PUSH

2020-01-14 13:34:14,331 INFO VIPSRV-PUSH

2020-01-14 13:34:34,331 INFO VIPSRV-PUSH

2020-01-14 13:34:54,332 INFO VIPSRV-PUSH

2020-01-14 13:35:14,332 INFO VIPSRV-PUSH

2020-01-14 13:35:34,333 INFO VIPSRV-PUSH

2020-01-14 13:35:54,335 INFO VIPSRV-PUSH

2020-01-14 13:36:14,335 INFO VIPSRV-PUSH

2020-01-14 13:36:34,336 INFO VIPSRV-PUSH

2020-01-14 13:36:54,336 INFO VIPSRV-PUSH

2020-01-14 13:37:14,337 INFO VIPSRV-PUSH

2020-01-14 13:37:34,338 INFO VIPSRV-PUSH

2020-01-14 13:37:54,339 INFO VIPSRV-PUSH

2020-01-14 13:38:14,340 INFO VIPSRV-PUSH

2020-01-14 13:38:34,341 INFO VIPSRV-PUSH

2020-01-14 13:38:54,342 INFO VIPSRV-PUSH

2020-01-14 13:39:14,343 INFO VIPSRV-PUSH

2020-01-14 13:39:34,344 INFO VIPSRV-PUSH

2020-01-14 13:40:04,016 INFO VIPSRV-PUSH

2020-01-14 13:40:05,017 INFO spring-gateway is changed, add it to push queue.

2020-01-14 13:40:05,174 INFO nacos-provider is changed, add it to push queue.

2020-01-14 13:40:06,464 INFO nacos-consumer-feign is changed, add it to push queue.

2020-01-14 13:40:06,465 INFO dom: nacos-consumer-feign changed, schedule push for: 192.168.123.17:54362, agent: Nacos-Java-Client:v0.2.1, key: 192.168.123.17,54362,88564557919900

2020-01-14 13:40:06,465 INFO send udp packet: 192.168.123.17,54362,88564557919900

2020-01-14 13:40:06,470 INFO received ack: {"type": "push-ack", "lastRefTime":"88564557919900", "data":""} from: 192.168.123.17:54362, cost: 5ms, unacked: 0,total push: 1

2020-01-14 13:40:24,018 INFO VIPSRV-PUSH

2020-01-14 13:40:44,019 INFO VIPSRV-PUSH

2020-01-14 13:41:04,019 INFO VIPSRV-PUSH

2020-01-14 13:41:24,019 INFO VIPSRV-PUSH

2020-01-14 13:41:25,631 INFO nacos-consumers is changed, add it to push queue.

2020-01-14 13:41:44,019 INFO VIPSRV-PUSH

2020-01-14 13:42:04,020 INFO VIPSRV-PUSH

2020-01-14 13:42:24,020 INFO VIPSRV-PUSH

2020-01-14 13:42:44,021 INFO VIPSRV-PUSH

2020-01-14 13:43:04,022 INFO VIPSRV-PUSH

2020-01-14 13:43:28,211 INFO VIPSRV-PUSH

2020-01-14 13:43:30,007 INFO spring-gateway is changed, add it to push queue.

2020-01-14 13:43:30,174 INFO nacos-provider is changed, add it to push queue.

2020-01-14 13:43:30,175 INFO dom: nacos-provider changed, schedule push for: 192.168.123.17:63078, agent: Nacos-Java-Client:v0.2.1, key: 192.168.123.17,63078,88768268106500

2020-01-14 13:43:30,175 INFO send udp packet: 192.168.123.17,63078,88768268106500

2020-01-14 13:43:30,180 INFO received ack: {"type": "push-ack", "lastRefTime":"88768268106500", "data":""} from: 192.168.123.17:63078, cost: 5ms, unacked: 0,total push: 1

2020-01-14 13:43:30,555 INFO nacos-consumers is changed, add it to push queue.

2020-01-14 13:43:31,462 INFO nacos-consumer-feign is changed, add it to push queue.

2020-01-14 13:43:31,462 INFO dom: nacos-consumer-feign changed, schedule push for: 192.168.123.17:54362, agent: Nacos-Java-Client:v0.2.1, key: 192.168.123.17,54362,88769556355900

2020-01-14 13:43:31,462 INFO send udp packet: 192.168.123.17,54362,88769556355900

2020-01-14 13:43:31,464 INFO received ack: {"type": "push-ack", "lastRefTime":"88769556355900", "data":""} from: 192.168.123.17:54362, cost: 2ms, unacked: 0,total push: 2

2020-01-14 13:43:46,939 INFO nacos-consumers is changed, add it to push queue.

2020-01-14 13:43:46,939 INFO dom: nacos-consumers changed, schedule push for: 192.168.123.17:54362, agent: Nacos-Java-Client:v0.2.1, key: 192.168.123.17,54362,88785033669400

2020-01-14 13:43:46,939 INFO send udp packet: 192.168.123.17,54362,88785033669400

2020-01-14 13:43:46,941 INFO received ack: {"type": "push-ack", "lastRefTime":"88785033669400", "data":""} from: 192.168.123.17:54362, cost: 2ms, unacked: 0,total push: 3

2020-01-14 13:43:48,213 INFO VIPSRV-PUSH

2020-01-14 13:43:52,612 INFO nacos-consumers is changed, add it to push queue.

2020-01-14 13:43:52,612 INFO dom: nacos-consumers changed, schedule push for: 192.168.123.17:54362, agent: Nacos-Java-Client:v0.2.1, key: 192.168.123.17,54362,88790705789100

2020-01-14 13:43:52,612 INFO send udp packet: 192.168.123.17,54362,88790705789100

2020-01-14 13:43:52,614 INFO received ack: {"type": "push-ack", "lastRefTime":"88790705789100", "data":""} from: 192.168.123.17:54362, cost: 2ms, unacked: 0,total push: 4

2020-01-14 13:44:08,213 INFO VIPSRV-PUSH

2020-01-14 13:44:28,214 INFO VIPSRV-PUSH

2020-01-14 13:44:48,214 INFO VIPSRV-PUSH

2020-01-14 13:45:08,214 INFO VIPSRV-PUSH

2020-01-14 13:45:28,216 INFO VIPSRV-PUSH

2020-01-14 13:45:48,218 INFO VIPSRV-PUSH

2020-01-14 13:46:08,218 INFO VIPSRV-PUSH

2020-01-14 13:46:28,219 INFO VIPSRV-PUSH

2020-01-14 13:46:48,220 INFO VIPSRV-PUSH

2020-01-14 13:47:08,221 INFO VIPSRV-PUSH

2020-01-14 13:47:28,222 INFO VIPSRV-PUSH

2020-01-14 13:47:48,222 INFO VIPSRV-PUSH

2020-01-14 13:48:08,223 INFO VIPSRV-PUSH

2020-01-14 13:48:28,225 INFO VIPSRV-PUSH

2020-01-14 13:48:48,225 INFO VIPSRV-PUSH

2020-01-14 13:49:08,226 INFO VIPSRV-PUSH

2020-01-14 13:49:28,228 INFO VIPSRV-PUSH

2020-01-14 13:49:48,229 INFO VIPSRV-PUSH

2020-01-14 13:50:08,229 INFO VIPSRV-PUSH

2020-01-14 13:50:28,230 INFO VIPSRV-PUSH

2020-01-14 13:50:48,230 INFO VIPSRV-PUSH

2020-01-14 13:51:08,231 INFO VIPSRV-PUSH

2020-01-14 13:51:28,232 INFO VIPSRV-PUSH

2020-01-14 13:51:48,232 INFO VIPSRV-PUSH

2020-01-14 13:52:08,233 INFO VIPSRV-PUSH

2020-01-14 13:52:28,235 INFO VIPSRV-PUSH

2020-01-14 13:52:48,236 INFO VIPSRV-PUSH

2020-01-14 13:53:08,236 INFO VIPSRV-PUSH

2020-01-14 13:53:28,238 INFO VIPSRV-PUSH

2020-01-14 13:53:48,239 INFO VIPSRV-PUSH

2020-01-14 13:54:08,239 INFO VIPSRV-PUSH

2020-01-14 13:54:28,240 INFO VIPSRV-PUSH

2020-01-14 13:54:48,241 INFO VIPSRV-PUSH

2020-01-14 13:55:08,241 INFO VIPSRV-PUSH

2020-01-14 13:55:28,242 INFO VIPSRV-PUSH

2020-01-14 13:55:48,243 INFO VIPSRV-PUSH

2020-01-14 13:56:08,243 INFO VIPSRV-PUSH

2020-01-14 13:56:28,243 INFO VIPSRV-PUSH

2020-01-14 13:56:48,244 INFO VIPSRV-PUSH

2020-01-14 13:57:08,245 INFO VIPSRV-PUSH

2020-01-14 13:57:28,246 INFO VIPSRV-PUSH

2020-01-14 13:57:48,247 INFO VIPSRV-PUSH

2020-01-14 13:58:08,247 INFO VIPSRV-PUSH

2020-01-14 13:58:28,247 INFO VIPSRV-PUSH

2020-01-14 13:58:48,249 INFO VIPSRV-PUSH

2020-01-14 13:59:08,249 INFO VIPSRV-PUSH

2020-01-14 13:59:28,250 INFO VIPSRV-PUSH

2020-01-14 13:59:48,251 INFO VIPSRV-PUSH

2020-01-14 14:00:08,252 INFO VIPSRV-PUSH

2020-01-14 14:00:28,252 INFO VIPSRV-PUSH

2020-01-14 14:00:48,253 INFO VIPSRV-PUSH

2020-01-14 14:01:08,253 INFO VIPSRV-PUSH

2020-01-14 14:01:28,254 INFO VIPSRV-PUSH

2020-01-14 14:01:48,254 INFO VIPSRV-PUSH

2020-01-14 14:02:08,255 INFO VIPSRV-PUSH

2020-01-14 14:02:28,256 INFO VIPSRV-PUSH

2020-01-14 14:02:48,256 INFO VIPSRV-PUSH

2020-01-14 14:03:08,257 INFO VIPSRV-PUSH

2020-01-14 14:03:28,258 INFO VIPSRV-PUSH

2020-01-14 14:03:48,259 INFO VIPSRV-PUSH

2020-01-14 14:04:08,260 INFO VIPSRV-PUSH

2020-01-14 14:04:28,261 INFO VIPSRV-PUSH

2020-01-14 14:04:48,261 INFO VIPSRV-PUSH

2020-01-14 14:05:08,262 INFO VIPSRV-PUSH

2020-01-14 14:05:28,263 INFO VIPSRV-PUSH

2020-01-14 14:05:48,263 INFO VIPSRV-PUSH

2020-01-14 14:06:08,264 INFO VIPSRV-PUSH

2020-01-14 14:06:28,264 INFO VIPSRV-PUSH

2020-01-14 14:06:48,265 INFO VIPSRV-PUSH

2020-01-14 14:07:08,266 INFO VIPSRV-PUSH

2020-01-14 14:07:28,266 INFO VIPSRV-PUSH

2020-01-14 14:07:48,267 INFO VIPSRV-PUSH

2020-01-14 14:07:58,862 INFO nacos-consumer-feign is changed, add it to push queue.

2020-01-14 14:07:58,862 INFO dom: nacos-consumer-feign changed, schedule push for: 192.168.123.17:54362, agent: Nacos-Java-Client:v0.2.1, key: 192.168.123.17,54362,90236956344800

2020-01-14 14:07:58,862 INFO send udp packet: 192.168.123.17,54362,90236956344800

2020-01-14 14:07:58,864 INFO received ack: {"type": "push-ack", "lastRefTime":"90236956344800", "data":""} from: 192.168.123.17:54362, cost: 2ms, unacked: 0,total push: 5

2020-01-14 14:08:08,267 INFO VIPSRV-PUSH

2020-01-14 14:08:13,875 INFO nacos-consumer-feign is changed, add it to push queue.

2020-01-14 14:08:13,875 INFO dom: nacos-consumer-feign changed, schedule push for: 192.168.123.17:54362, agent: Nacos-Java-Client:v0.2.1, key: 192.168.123.17,54362,90251968779800

2020-01-14 14:08:13,875 INFO send udp packet: 192.168.123.17,54362,90251968779800

2020-01-14 14:08:13,877 INFO received ack: {"type": "push-ack", "lastRefTime":"90251968779800", "data":""} from: 192.168.123.17:54362, cost: 2ms, unacked: 0,total push: 6

2020-01-14 14:08:28,268 INFO VIPSRV-PUSH

2020-01-14 14:08:48,269 INFO VIPSRV-PUSH

2020-01-14 14:09:08,270 INFO VIPSRV-PUSH

2020-01-14 14:09:26,406 INFO nacos-consumer-feign is changed, add it to push queue.

2020-01-14 14:09:26,406 INFO dom: nacos-consumer-feign changed, schedule push for: 192.168.123.17:54362, agent: Nacos-Java-Client:v0.2.1, key: 192.168.123.17,54362,90324499911900

2020-01-14 14:09:26,406 INFO send udp packet: 192.168.123.17,54362,90324499911900

2020-01-14 14:09:26,409 INFO received ack: {"type": "push-ack", "lastRefTime":"90324499911900", "data":""} from: 192.168.123.17:54362, cost: 3ms, unacked: 0,total push: 7

2020-01-14 14:09:28,270 INFO VIPSRV-PUSH

2020-01-14 14:09:48,271 INFO VIPSRV-PUSH

2020-01-14 14:10:08,272 INFO VIPSRV-PUSH

2020-01-14 14:10:28,272 INFO VIPSRV-PUSH

2020-01-14 14:10:48,272 INFO VIPSRV-PUSH

2020-01-14 14:11:08,273 INFO VIPSRV-PUSH

2020-01-14 14:11:28,274 INFO VIPSRV-PUSH

2020-01-14 14:11:48,274 INFO VIPSRV-PUSH

2020-01-14 14:12:08,276 INFO VIPSRV-PUSH

2020-01-14 14:12:28,277 INFO VIPSRV-PUSH

2020-01-14 14:12:48,277 INFO VIPSRV-PUSH

2020-01-14 14:13:08,278 INFO VIPSRV-PUSH

2020-01-14 14:13:28,279 INFO VIPSRV-PUSH

2020-01-14 14:13:48,279 INFO VIPSRV-PUSH

2020-01-14 14:14:08,280 INFO VIPSRV-PUSH

2020-01-14 14:14:28,282 INFO VIPSRV-PUSH

2020-01-14 14:14:48,282 INFO VIPSRV-PUSH

2020-01-14 14:15:08,283 INFO VIPSRV-PUSH

2020-01-14 14:15:28,283 INFO VIPSRV-PUSH

2020-01-14 14:15:48,285 INFO VIPSRV-PUSH

2020-01-14 14:16:08,285 INFO VIPSRV-PUSH

2020-01-14 14:16:28,285 INFO VIPSRV-PUSH

2020-01-14 14:16:48,286 INFO VIPSRV-PUSH

2020-01-14 14:17:08,286 INFO VIPSRV-PUSH

2020-01-14 14:17:28,287 INFO VIPSRV-PUSH

2020-01-14 14:17:48,287 INFO VIPSRV-PUSH

2020-01-14 14:18:08,287 INFO VIPSRV-PUSH

2020-01-14 14:18:28,288 INFO VIPSRV-PUSH

2020-01-14 14:18:48,288 INFO VIPSRV-PUSH

2020-01-14 14:19:08,289 INFO VIPSRV-PUSH

2020-01-14 14:19:28,289 INFO VIPSRV-PUSH

2020-01-14 14:19:48,290 INFO VIPSRV-PUSH

2020-01-14 14:20:08,291 INFO VIPSRV-PUSH

2020-01-14 14:20:28,291 INFO VIPSRV-PUSH

2020-01-14 14:20:48,292 INFO VIPSRV-PUSH

2020-01-14 14:21:08,293 INFO VIPSRV-PUSH

2020-01-14 14:21:28,294 INFO VIPSRV-PUSH

2020-01-14 14:21:48,295 INFO VIPSRV-PUSH

2020-01-14 14:22:08,295 INFO VIPSRV-PUSH

2020-01-14 14:22:28,296 INFO VIPSRV-PUSH

2020-01-14 14:22:48,298 INFO VIPSRV-PUSH

2020-01-14 14:23:08,299 INFO VIPSRV-PUSH

2020-01-14 14:23:28,299 INFO VIPSRV-PUSH

2020-01-14 14:23:48,300 INFO VIPSRV-PUSH

2020-01-14 14:24:08,301 INFO VIPSRV-PUSH

2020-01-14 14:24:28,302 INFO VIPSRV-PUSH

2020-01-14 14:24:48,302 INFO VIPSRV-PUSH

2020-01-14 14:25:08,303 INFO VIPSRV-PUSH

2020-01-14 14:25:28,303 INFO VIPSRV-PUSH

2020-01-14 14:25:48,303 INFO VIPSRV-PUSH

2020-01-14 14:26:08,304 INFO VIPSRV-PUSH

2020-01-14 14:26:28,305 INFO VIPSRV-PUSH

2020-01-14 14:26:48,305 INFO VIPSRV-PUSH

2020-01-14 14:27:08,306 INFO VIPSRV-PUSH

2020-01-14 14:27:28,306 INFO VIPSRV-PUSH

2020-01-14 14:27:48,308 INFO VIPSRV-PUSH

2020-01-14 14:28:08,308 INFO VIPSRV-PUSH

2020-01-14 14:28:28,309 INFO VIPSRV-PUSH

2020-01-14 14:28:48,310 INFO VIPSRV-PUSH

2020-01-14 14:29:08,310 INFO VIPSRV-PUSH

2020-01-14 14:29:28,311 INFO VIPSRV-PUSH

2020-01-14 14:29:48,312 INFO VIPSRV-PUSH

2020-01-14 14:30:08,312 INFO VIPSRV-PUSH

2020-01-14 14:30:28,313 INFO VIPSRV-PUSH

2020-01-14 14:30:48,314 INFO VIPSRV-PUSH

2020-01-14 14:31:08,315 INFO VIPSRV-PUSH

2020-01-14 14:31:28,316 INFO VIPSRV-PUSH

2020-01-14 14:31:48,318 INFO VIPSRV-PUSH

2020-01-14 14:32:08,319 INFO VIPSRV-PUSH

2020-01-14 14:32:28,321 INFO VIPSRV-PUSH

2020-01-14 14:32:48,322 INFO VIPSRV-PUSH

2020-01-14 14:33:08,323 INFO VIPSRV-PUSH

2020-01-14 14:33:28,323 INFO VIPSRV-PUSH

2020-01-14 14:33:48,324 INFO VIPSRV-PUSH

2020-01-14 14:34:08,325 INFO VIPSRV-PUSH

2020-01-14 14:34:28,327 INFO VIPSRV-PUSH

2020-01-14 14:34:48,327 INFO VIPSRV-PUSH

2020-01-14 14:35:08,328 INFO VIPSRV-PUSH

2020-01-14 14:35:28,329 INFO VIPSRV-PUSH

2020-01-14 14:35:48,330 INFO VIPSRV-PUSH

2020-01-14 14:36:08,330 INFO VIPSRV-PUSH

2020-01-14 14:36:28,331 INFO VIPSRV-PUSH

2020-01-14 14:36:48,332 INFO VIPSRV-PUSH

2020-01-14 14:37:08,332 INFO VIPSRV-PUSH

2020-01-14 14:37:28,334 INFO VIPSRV-PUSH

2020-01-14 14:37:48,335 INFO VIPSRV-PUSH

2020-01-14 14:38:08,336 INFO VIPSRV-PUSH

2020-01-14 14:38:28,338 INFO VIPSRV-PUSH

2020-01-14 14:38:48,339 INFO VIPSRV-PUSH

2020-01-14 14:39:08,339 INFO VIPSRV-PUSH

2020-01-14 14:39:28,341 INFO VIPSRV-PUSH

2020-01-14 14:39:48,342 INFO VIPSRV-PUSH

2020-01-14 14:40:08,343 INFO VIPSRV-PUSH

2020-01-14 14:40:28,343 INFO VIPSRV-PUSH

2020-01-14 14:40:48,345 INFO VIPSRV-PUSH

2020-01-14 14:41:08,345 INFO VIPSRV-PUSH

2020-01-14 14:41:28,346 INFO VIPSRV-PUSH

2020-01-14 14:41:48,346 INFO VIPSRV-PUSH

2020-01-14 14:42:08,347 INFO VIPSRV-PUSH

2020-01-14 14:42:28,348 INFO VIPSRV-PUSH

2020-01-14 14:42:48,349 INFO VIPSRV-PUSH

2020-01-14 14:43:08,350 INFO VIPSRV-PUSH

2020-01-14 14:43:28,350 INFO VIPSRV-PUSH

2020-01-14 14:43:48,351 INFO VIPSRV-PUSH

2020-01-14 14:44:08,352 INFO VIPSRV-PUSH

2020-01-14 14:44:28,352 INFO VIPSRV-PUSH

2020-01-14 14:44:48,353 INFO VIPSRV-PUSH

2020-01-14 14:45:08,355 INFO VIPSRV-PUSH

2020-01-14 14:45:28,355 INFO VIPSRV-PUSH

2020-01-14 14:45:48,356 INFO VIPSRV-PUSH

2020-01-14 14:46:08,358 INFO VIPSRV-PUSH

2020-01-14 14:46:28,359 INFO VIPSRV-PUSH

2020-01-14 14:46:48,359 INFO VIPSRV-PUSH

2020-01-14 14:47:08,360 INFO VIPSRV-PUSH

2020-01-14 14:47:28,361 INFO VIPSRV-PUSH

2020-01-14 14:47:48,363 INFO VIPSRV-PUSH

2020-01-14 14:48:08,363 INFO VIPSRV-PUSH

2020-01-14 14:48:28,365 INFO VIPSRV-PUSH

2020-01-14 14:48:48,366 INFO VIPSRV-PUSH

2020-01-14 14:49:08,367 INFO VIPSRV-PUSH

2020-01-14 14:49:28,368 INFO VIPSRV-PUSH

2020-01-14 14:49:48,370 INFO VIPSRV-PUSH

2020-01-14 14:50:08,370 INFO VIPSRV-PUSH

2020-01-14 14:50:28,371 INFO VIPSRV-PUSH

2020-01-14 14:50:48,373 INFO VIPSRV-PUSH

2020-01-14 14:51:08,375 INFO VIPSRV-PUSH

2020-01-14 14:51:28,376 INFO VIPSRV-PUSH

2020-01-14 14:51:48,377 INFO VIPSRV-PUSH

2020-01-14 14:52:08,378 INFO VIPSRV-PUSH

2020-01-14 14:52:28,379 INFO VIPSRV-PUSH

2020-01-14 14:52:48,380 INFO VIPSRV-PUSH

2020-01-14 14:53:08,382 INFO VIPSRV-PUSH

2020-01-14 14:53:28,382 INFO VIPSRV-PUSH

2020-01-14 14:53:48,383 INFO VIPSRV-PUSH

2020-01-14 14:54:08,384 INFO VIPSRV-PUSH

2020-01-14 14:54:28,385 INFO VIPSRV-PUSH

2020-01-14 14:54:48,385 INFO VIPSRV-PUSH

2020-01-14 14:55:08,385 INFO VIPSRV-PUSH

2020-01-14 14:55:28,386 INFO VIPSRV-PUSH

2020-01-14 14:55:48,386 INFO VIPSRV-PUSH

2020-01-14 14:56:08,387 INFO VIPSRV-PUSH

2020-01-14 14:56:28,389 INFO VIPSRV-PUSH

2020-01-14 14:56:48,389 INFO VIPSRV-PUSH

2020-01-14 14:57:08,391 INFO VIPSRV-PUSH

2020-01-14 14:57:28,393 INFO VIPSRV-PUSH

2020-01-14 14:57:48,394 INFO VIPSRV-PUSH

2020-01-14 14:58:08,395 INFO VIPSRV-PUSH

2020-01-14 14:58:28,396 INFO VIPSRV-PUSH

2020-01-14 14:58:48,398 INFO VIPSRV-PUSH

2020-01-14 14:59:08,400 INFO VIPSRV-PUSH

2020-01-14 14:59:28,400 INFO VIPSRV-PUSH

2020-01-14 14:59:48,402 INFO VIPSRV-PUSH

2020-01-14 15:00:08,403 INFO VIPSRV-PUSH

2020-01-14 15:00:28,404 INFO VIPSRV-PUSH

2020-01-14 15:00:48,405 INFO VIPSRV-PUSH

2020-01-14 15:01:08,405 INFO VIPSRV-PUSH

2020-01-14 15:01:28,406 INFO VIPSRV-PUSH

2020-01-14 15:01:48,406 INFO VIPSRV-PUSH

2020-01-14 15:02:08,407 INFO VIPSRV-PUSH

2020-01-14 15:02:28,407 INFO VIPSRV-PUSH

2020-01-14 15:02:48,408 INFO VIPSRV-PUSH

2020-01-14 15:03:08,409 INFO VIPSRV-PUSH

2020-01-14 15:03:28,410 INFO VIPSRV-PUSH

2020-01-14 15:03:48,410 INFO VIPSRV-PUSH

2020-01-14 15:04:08,411 INFO VIPSRV-PUSH

2020-01-14 15:04:28,412 INFO VIPSRV-PUSH

2020-01-14 15:04:48,413 INFO VIPSRV-PUSH

2020-01-14 15:05:08,415 INFO VIPSRV-PUSH

2020-01-14 15:05:28,416 INFO VIPSRV-PUSH

2020-01-14 15:05:48,417 INFO VIPSRV-PUSH

2020-01-14 15:06:08,418 INFO VIPSRV-PUSH

2020-01-14 15:06:28,419 INFO VIPSRV-PUSH

2020-01-14 15:06:48,419 INFO VIPSRV-PUSH

2020-01-14 15:07:08,420 INFO VIPSRV-PUSH

2020-01-14 15:07:28,420 INFO VIPSRV-PUSH

2020-01-14 15:07:48,421 INFO VIPSRV-PUSH

2020-01-14 15:08:08,421 INFO VIPSRV-PUSH

2020-01-14 15:08:28,422 INFO VIPSRV-PUSH

2020-01-14 15:08:48,422 INFO VIPSRV-PUSH

2020-01-14 15:09:08,423 INFO VIPSRV-PUSH

2020-01-14 15:09:28,424 INFO VIPSRV-PUSH

2020-01-14 15:09:48,426 INFO VIPSRV-PUSH

2020-01-14 15:10:08,427 INFO VIPSRV-PUSH

2020-01-14 15:10:28,427 INFO VIPSRV-PUSH

2020-01-14 15:10:48,428 INFO VIPSRV-PUSH

2020-01-14 15:11:08,428 INFO VIPSRV-PUSH

2020-01-14 15:11:28,429 INFO VIPSRV-PUSH

2020-01-14 15:11:48,430 INFO VIPSRV-PUSH

2020-01-14 15:12:08,431 INFO VIPSRV-PUSH

2020-01-14 15:12:28,431 INFO VIPSRV-PUSH

2020-01-14 15:12:48,432 INFO VIPSRV-PUSH

2020-01-14 15:13:08,433 INFO VIPSRV-PUSH

2020-01-14 15:13:28,434 INFO VIPSRV-PUSH

2020-01-14 15:13:48,434 INFO VIPSRV-PUSH

2020-01-14 15:14:08,435 INFO VIPSRV-PUSH

2020-01-14 15:14:28,436 INFO VIPSRV-PUSH

2020-01-14 15:14:48,438 INFO VIPSRV-PUSH

2020-01-14 15:15:08,438 INFO VIPSRV-PUSH

2020-01-14 15:15:28,439 INFO VIPSRV-PUSH

2020-01-14 15:15:48,440 INFO VIPSRV-PUSH

2020-01-14 15:16:08,440 INFO VIPSRV-PUSH

2020-01-14 15:16:28,441 INFO VIPSRV-PUSH

2020-01-14 15:16:48,441 INFO VIPSRV-PUSH

2020-01-14 15:17:08,443 INFO VIPSRV-PUSH

2020-01-14 15:17:28,444 INFO VIPSRV-PUSH

2020-01-14 15:17:48,445 INFO VIPSRV-PUSH

2020-01-14 15:18:08,446 INFO VIPSRV-PUSH

2020-01-14 15:18:28,446 INFO VIPSRV-PUSH

2020-01-14 15:18:48,447 INFO VIPSRV-PUSH

2020-01-14 15:19:08,448 INFO VIPSRV-PUSH

2020-01-14 15:19:28,448 INFO VIPSRV-PUSH

2020-01-14 15:19:48,449 INFO VIPSRV-PUSH

2020-01-14 15:20:08,450 INFO VIPSRV-PUSH

2020-01-14 15:20:28,451 INFO VIPSRV-PUSH

2020-01-14 15:20:48,452 INFO VIPSRV-PUSH

2020-01-14 15:21:08,454 INFO VIPSRV-PUSH

2020-01-14 15:21:28,454 INFO VIPSRV-PUSH

2020-01-14 15:21:48,455 INFO VIPSRV-PUSH

2020-01-14 15:22:08,456 INFO VIPSRV-PUSH

2020-01-14 15:22:28,457 INFO VIPSRV-PUSH

2020-01-14 15:22:48,457 INFO VIPSRV-PUSH

2020-01-14 15:23:08,459 INFO VIPSRV-PUSH

2020-01-14 15:23:28,460 INFO VIPSRV-PUSH

2020-01-14 15:23:48,462 INFO VIPSRV-PUSH

2020-01-14 15:24:08,462 INFO VIPSRV-PUSH

2020-01-14 15:24:28,463 INFO VIPSRV-PUSH

2020-01-14 15:24:48,463 INFO VIPSRV-PUSH

2020-01-14 15:25:08,465 INFO VIPSRV-PUSH

2020-01-14 15:25:28,465 INFO VIPSRV-PUSH

2020-01-14 15:25:48,466 INFO VIPSRV-PUSH

2020-01-14 15:26:08,466 INFO VIPSRV-PUSH

2020-01-14 15:26:28,468 INFO VIPSRV-PUSH

2020-01-14 15:26:48,469 INFO VIPSRV-PUSH

2020-01-14 15:27:08,470 INFO VIPSRV-PUSH

2020-01-14 15:27:28,471 INFO VIPSRV-PUSH

2020-01-14 15:27:48,471 INFO VIPSRV-PUSH

2020-01-14 15:28:08,473 INFO VIPSRV-PUSH

2020-01-14 15:28:28,474 INFO VIPSRV-PUSH

2020-01-14 15:28:48,475 INFO VIPSRV-PUSH

2020-01-14 15:29:08,477 INFO VIPSRV-PUSH

2020-01-14 15:29:28,477 INFO VIPSRV-PUSH

2020-01-14 15:29:48,478 INFO VIPSRV-PUSH

2020-01-14 15:30:08,478 INFO VIPSRV-PUSH

2020-01-14 15:30:28,479 INFO VIPSRV-PUSH

2020-01-14 15:30:48,480 INFO VIPSRV-PUSH

2020-01-14 15:31:08,481 INFO VIPSRV-PUSH

2020-01-14 15:31:28,482 INFO VIPSRV-PUSH

2020-01-14 15:31:48,483 INFO VIPSRV-PUSH

2020-01-14 15:32:08,483 INFO VIPSRV-PUSH

2020-01-14 15:32:28,484 INFO VIPSRV-PUSH

2020-01-14 15:32:48,485 INFO VIPSRV-PUSH

2020-01-14 15:33:08,485 INFO VIPSRV-PUSH

2020-01-14 15:33:28,487 INFO VIPSRV-PUSH

2020-01-14 15:33:48,487 INFO VIPSRV-PUSH

2020-01-14 15:34:08,488 INFO VIPSRV-PUSH

2020-01-14 15:34:28,488 INFO VIPSRV-PUSH

2020-01-14 15:34:48,489 INFO VIPSRV-PUSH

2020-01-14 15:35:08,489 INFO VIPSRV-PUSH

2020-01-14 15:35:28,490 INFO VIPSRV-PUSH

2020-01-14 15:35:48,491 INFO VIPSRV-PUSH

2020-01-14 15:36:08,492 INFO VIPSRV-PUSH

2020-01-14 15:36:28,492 INFO VIPSRV-PUSH

2020-01-14 15:36:48,493 INFO VIPSRV-PUSH

2020-01-14 15:37:08,494 INFO VIPSRV-PUSH

2020-01-14 15:37:28,495 INFO VIPSRV-PUSH

2020-01-14 15:37:48,496 INFO VIPSRV-PUSH

2020-01-14 15:38:08,497 INFO VIPSRV-PUSH

2020-01-14 15:38:28,498 INFO VIPSRV-PUSH

2020-01-14 15:38:48,498 INFO VIPSRV-PUSH

2020-01-14 15:39:08,499 INFO VIPSRV-PUSH

2020-01-14 15:39:28,499 INFO VIPSRV-PUSH

2020-01-14 15:39:48,500 INFO VIPSRV-PUSH

2020-01-14 15:40:08,500 INFO VIPSRV-PUSH

2020-01-14 15:40:28,501 INFO VIPSRV-PUSH

2020-01-14 15:40:48,501 INFO VIPSRV-PUSH

2020-01-14 15:41:08,502 INFO VIPSRV-PUSH

2020-01-14 15:41:28,503 INFO VIPSRV-PUSH

2020-01-14 15:41:48,503 INFO VIPSRV-PUSH

2020-01-14 15:42:08,505 INFO VIPSRV-PUSH

2020-01-14 15:42:28,506 INFO VIPSRV-PUSH

2020-01-14 15:42:48,508 INFO VIPSRV-PUSH

2020-01-14 15:43:08,508 INFO VIPSRV-PUSH

2020-01-14 15:43:28,509 INFO VIPSRV-PUSH

2020-01-14 15:43:48,510 INFO VIPSRV-PUSH

2020-01-14 15:44:08,511 INFO VIPSRV-PUSH

2020-01-14 15:44:28,512 INFO VIPSRV-PUSH

2020-01-14 15:44:48,513 INFO VIPSRV-PUSH

2020-01-14 15:45:08,514 INFO VIPSRV-PUSH

2020-01-14 15:45:28,516 INFO VIPSRV-PUSH

2020-01-14 15:45:48,518 INFO VIPSRV-PUSH

2020-01-14 15:46:08,519 INFO VIPSRV-PUSH

2020-01-14 15:46:28,520 INFO VIPSRV-PUSH

2020-01-14 15:46:48,521 INFO VIPSRV-PUSH

2020-01-14 15:47:08,523 INFO VIPSRV-PUSH

2020-01-14 15:47:28,523 INFO VIPSRV-PUSH

2020-01-14 15:47:48,524 INFO VIPSRV-PUSH

2020-01-14 15:48:08,524 INFO VIPSRV-PUSH

2020-01-14 15:48:28,525 INFO VIPSRV-PUSH

2020-01-14 15:48:48,526 INFO VIPSRV-PUSH

2020-01-14 15:49:08,526 INFO VIPSRV-PUSH

2020-01-14 15:49:28,527 INFO VIPSRV-PUSH

2020-01-14 15:49:48,528 INFO VIPSRV-PUSH

2020-01-14 15:50:08,528 INFO VIPSRV-PUSH

2020-01-14 15:50:28,529 INFO VIPSRV-PUSH

2020-01-14 15:50:48,530 INFO VIPSRV-PUSH

2020-01-14 15:51:08,531 INFO VIPSRV-PUSH

2020-01-14 15:51:28,531 INFO VIPSRV-PUSH

2020-01-14 15:51:48,532 INFO VIPSRV-PUSH

2020-01-14 15:52:08,533 INFO VIPSRV-PUSH

2020-01-14 15:52:28,535 INFO VIPSRV-PUSH

2020-01-14 15:52:48,536 INFO VIPSRV-PUSH

2020-01-14 15:53:08,536 INFO VIPSRV-PUSH

2020-01-14 15:53:28,537 INFO VIPSRV-PUSH

2020-01-14 15:53:48,537 INFO VIPSRV-PUSH

2020-01-14 15:54:08,538 INFO VIPSRV-PUSH

2020-01-14 15:54:28,538 INFO VIPSRV-PUSH

2020-01-14 15:54:48,539 INFO VIPSRV-PUSH

2020-01-14 15:55:08,540 INFO VIPSRV-PUSH

2020-01-14 15:55:28,540 INFO VIPSRV-PUSH

2020-01-14 15:55:48,541 INFO VIPSRV-PUSH

2020-01-14 15:56:08,542 INFO VIPSRV-PUSH

2020-01-14 15:56:28,543 INFO VIPSRV-PUSH

2020-01-14 15:56:48,543 INFO VIPSRV-PUSH

2020-01-14 15:57:08,546 INFO VIPSRV-PUSH

2020-01-14 15:57:28,546 INFO VIPSRV-PUSH

2020-01-14 15:57:48,547 INFO VIPSRV-PUSH

2020-01-14 15:58:08,547 INFO VIPSRV-PUSH

2020-01-14 15:58:28,549 INFO VIPSRV-PUSH

2020-01-14 15:58:48,549 INFO VIPSRV-PUSH

2020-01-14 15:59:08,550 INFO VIPSRV-PUSH

2020-01-14 15:59:28,551 INFO VIPSRV-PUSH

2020-01-14 15:59:48,552 INFO VIPSRV-PUSH

2020-01-14 16:00:08,552 INFO VIPSRV-PUSH

2020-01-14 16:00:28,553 INFO VIPSRV-PUSH

2020-01-14 16:00:48,555 INFO VIPSRV-PUSH

2020-01-14 16:01:08,555 INFO VIPSRV-PUSH

2020-01-14 16:01:28,557 INFO VIPSRV-PUSH

2020-01-14 16:01:48,557 INFO VIPSRV-PUSH

2020-01-14 16:02:08,557 INFO VIPSRV-PUSH

2020-01-14 16:02:28,558 INFO VIPSRV-PUSH

2020-01-14 16:02:48,559 INFO VIPSRV-PUSH

2020-01-14 16:03:08,559 INFO VIPSRV-PUSH

2020-01-14 16:03:28,560 INFO VIPSRV-PUSH

2020-01-14 16:03:48,560 INFO VIPSRV-PUSH

2020-01-14 16:04:08,561 INFO VIPSRV-PUSH

2020-01-14 16:04:28,562 INFO VIPSRV-PUSH

2020-01-14 16:04:48,563 INFO VIPSRV-PUSH

2020-01-14 16:05:08,563 INFO VIPSRV-PUSH

2020-01-14 16:05:28,565 INFO VIPSRV-PUSH

2020-01-14 16:05:48,566 INFO VIPSRV-PUSH

2020-01-14 16:06:08,567 INFO VIPSRV-PUSH

2020-01-14 16:06:28,567 INFO VIPSRV-PUSH

2020-01-14 16:06:48,568 INFO VIPSRV-PUSH

2020-01-14 16:07:08,568 INFO VIPSRV-PUSH

2020-01-14 16:07:28,569 INFO VIPSRV-PUSH

2020-01-14 16:07:48,570 INFO VIPSRV-PUSH

2020-01-14 16:08:08,572 INFO VIPSRV-PUSH

2020-01-14 16:08:28,574 INFO VIPSRV-PUSH

2020-01-14 16:08:48,574 INFO VIPSRV-PUSH

2020-01-14 16:09:08,575 INFO VIPSRV-PUSH

2020-01-14 16:09:28,575 INFO VIPSRV-PUSH

2020-01-14 16:09:48,576 INFO VIPSRV-PUSH

2020-01-14 16:10:08,577 INFO VIPSRV-PUSH

2020-01-14 16:10:28,578 INFO VIPSRV-PUSH

2020-01-14 16:10:48,578 INFO VIPSRV-PUSH

2020-01-14 16:11:08,580 INFO VIPSRV-PUSH

2020-01-14 16:11:28,580 INFO VIPSRV-PUSH

2020-01-14 16:11:48,582 INFO VIPSRV-PUSH

2020-01-14 16:12:08,582 INFO VIPSRV-PUSH

2020-01-14 16:12:28,583 INFO VIPSRV-PUSH

2020-01-14 16:12:48,583 INFO VIPSRV-PUSH

2020-01-14 16:13:08,584 INFO VIPSRV-PUSH

2020-01-14 16:13:28,584 INFO VIPSRV-PUSH

2020-01-14 16:13:48,585 INFO VIPSRV-PUSH

2020-01-14 16:14:08,587 INFO VIPSRV-PUSH

2020-01-14 16:14:28,587 INFO VIPSRV-PUSH

2020-01-14 16:14:48,588 INFO VIPSRV-PUSH

2020-01-14 16:15:08,588 INFO VIPSRV-PUSH

2020-01-14 16:15:28,589 INFO VIPSRV-PUSH

2020-01-14 16:15:48,589 INFO VIPSRV-PUSH

2020-01-14 16:16:08,590 INFO VIPSRV-PUSH

2020-01-14 16:16:28,592 INFO VIPSRV-PUSH

2020-01-14 16:16:48,592 INFO VIPSRV-PUSH

2020-01-14 16:17:08,592 INFO VIPSRV-PUSH

2020-01-14 16:17:28,593 INFO VIPSRV-PUSH

2020-01-14 16:17:48,594 INFO VIPSRV-PUSH

2020-01-14 16:18:08,594 INFO VIPSRV-PUSH

2020-01-14 16:18:28,595 INFO VIPSRV-PUSH

2020-01-14 16:18:48,596 INFO VIPSRV-PUSH

2020-01-14 16:19:08,597 INFO VIPSRV-PUSH

2020-01-14 16:19:28,598 INFO VIPSRV-PUSH

2020-01-14 16:19:48,598 INFO VIPSRV-PUSH

2020-01-14 16:20:08,599 INFO VIPSRV-PUSH

2020-01-14 16:20:28,599 INFO VIPSRV-PUSH

2020-01-14 16:20:48,600 INFO VIPSRV-PUSH

2020-01-14 16:21:08,601 INFO VIPSRV-PUSH

2020-01-14 16:21:28,601 INFO VIPSRV-PUSH

2020-01-14 16:21:48,602 INFO VIPSRV-PUSH

2020-01-14 16:22:08,602 INFO VIPSRV-PUSH

2020-01-14 16:22:28,603 INFO VIPSRV-PUSH

2020-01-14 16:22:48,604 INFO VIPSRV-PUSH

2020-01-14 16:23:08,604 INFO VIPSRV-PUSH

2020-01-14 16:23:28,605 INFO VIPSRV-PUSH

2020-01-14 16:23:48,605 INFO VIPSRV-PUSH

2020-01-14 16:24:08,607 INFO VIPSRV-PUSH

2020-01-14 16:24:28,608 INFO VIPSRV-PUSH

2020-01-14 16:24:48,609 INFO VIPSRV-PUSH

2020-01-14 16:25:08,610 INFO VIPSRV-PUSH

2020-01-14 16:25:28,611 INFO VIPSRV-PUSH

2020-01-14 16:25:48,612 INFO VIPSRV-PUSH

2020-01-14 16:26:08,612 INFO VIPSRV-PUSH

2020-01-14 16:26:28,614 INFO VIPSRV-PUSH

2020-01-14 16:26:48,615 INFO VIPSRV-PUSH

2020-01-14 16:27:08,616 INFO VIPSRV-PUSH

2020-01-14 16:27:28,616 INFO VIPSRV-PUSH

2020-01-14 16:27:48,617 INFO VIPSRV-PUSH

2020-01-14 16:28:08,617 INFO VIPSRV-PUSH

2020-01-14 16:28:28,618 INFO VIPSRV-PUSH

2020-01-14 16:28:48,618 INFO VIPSRV-PUSH

2020-01-14 16:29:08,619 INFO VIPSRV-PUSH

2020-01-14 16:29:28,619 INFO VIPSRV-PUSH

2020-01-14 16:29:48,620 INFO VIPSRV-PUSH

2020-01-14 16:30:08,620 INFO VIPSRV-PUSH

2020-01-14 16:30:28,621 INFO VIPSRV-PUSH

2020-01-14 16:30:48,622 INFO VIPSRV-PUSH

2020-01-14 16:31:08,622 INFO VIPSRV-PUSH

2020-01-14 16:31:28,623 INFO VIPSRV-PUSH

2020-01-14 16:31:48,624 INFO VIPSRV-PUSH

2020-01-14 16:32:08,625 INFO VIPSRV-PUSH

2020-01-14 16:32:28,625 INFO VIPSRV-PUSH

2020-01-14 16:32:48,626 INFO VIPSRV-PUSH

2020-01-14 16:33:08,627 INFO VIPSRV-PUSH

2020-01-14 16:33:28,628 INFO VIPSRV-PUSH

2020-01-14 16:33:48,628 INFO VIPSRV-PUSH

2020-01-14 16:34:08,629 INFO VIPSRV-PUSH

2020-01-14 16:34:28,630 INFO VIPSRV-PUSH

2020-01-14 16:34:48,630 INFO VIPSRV-PUSH

2020-01-14 16:35:08,630 INFO VIPSRV-PUSH

2020-01-14 16:35:28,632 INFO VIPSRV-PUSH

2020-01-14 16:35:48,632 INFO VIPSRV-PUSH

2020-01-14 16:36:08,633 INFO VIPSRV-PUSH

2020-01-14 16:36:28,633 INFO VIPSRV-PUSH

2020-01-14 16:36:48,634 INFO VIPSRV-PUSH

2020-01-14 16:37:08,635 INFO VIPSRV-PUSH

2020-01-14 16:37:28,637 INFO VIPSRV-PUSH

2020-01-14 16:37:48,638 INFO VIPSRV-PUSH

2020-01-14 16:38:08,638 INFO VIPSRV-PUSH

2020-01-14 16:38:28,639 INFO VIPSRV-PUSH

2020-01-14 16:38:48,641 INFO VIPSRV-PUSH

2020-01-14 16:39:08,642 INFO VIPSRV-PUSH

2020-01-14 16:39:28,643 INFO VIPSRV-PUSH

2020-01-14 16:39:48,644 INFO VIPSRV-PUSH

2020-01-14 16:40:08,645 INFO VIPSRV-PUSH

2020-01-14 16:40:28,646 INFO VIPSRV-PUSH

2020-01-14 16:40:48,647 INFO VIPSRV-PUSH

2020-01-14 16:41:08,647 INFO VIPSRV-PUSH

2020-01-14 16:41:28,648 INFO VIPSRV-PUSH

2020-01-14 16:41:48,648 INFO VIPSRV-PUSH

2020-01-14 16:42:08,649 INFO VIPSRV-PUSH

2020-01-14 16:42:28,649 INFO VIPSRV-PUSH

2020-01-14 16:42:48,650 INFO VIPSRV-PUSH

2020-01-14 16:43:08,651 INFO VIPSRV-PUSH

2020-01-14 16:43:28,651 INFO VIPSRV-PUSH

2020-01-14 16:43:48,652 INFO VIPSRV-PUSH

2020-01-14 16:44:08,653 INFO VIPSRV-PUSH

2020-01-14 16:44:28,654 INFO VIPSRV-PUSH

2020-01-14 16:44:48,655 INFO VIPSRV-PUSH

2020-01-14 16:45:08,656 INFO VIPSRV-PUSH

2020-01-14 16:45:28,657 INFO VIPSRV-PUSH

2020-01-14 16:45:48,657 INFO VIPSRV-PUSH

2020-01-14 16:46:08,657 INFO VIPSRV-PUSH

2020-01-14 16:46:28,658 INFO VIPSRV-PUSH

2020-01-14 16:46:48,659 INFO VIPSRV-PUSH

2020-01-14 16:47:08,659 INFO VIPSRV-PUSH

2020-01-14 16:47:28,660 INFO VIPSRV-PUSH

2020-01-14 16:47:48,661 INFO VIPSRV-PUSH

2020-01-14 16:48:08,663 INFO VIPSRV-PUSH

2020-01-14 16:48:28,663 INFO VIPSRV-PUSH

2020-01-14 16:48:48,664 INFO VIPSRV-PUSH

2020-01-14 16:49:08,665 INFO VIPSRV-PUSH

2020-01-14 16:49:28,665 INFO VIPSRV-PUSH

2020-01-14 16:49:48,667 INFO VIPSRV-PUSH

2020-01-14 16:50:08,668 INFO VIPSRV-PUSH

2020-01-14 16:50:28,668 INFO VIPSRV-PUSH

2020-01-14 16:50:48,670 INFO VIPSRV-PUSH

2020-01-14 16:51:08,672 INFO VIPSRV-PUSH

2020-01-14 16:51:28,674 INFO VIPSRV-PUSH

2020-01-14 16:51:48,675 INFO VIPSRV-PUSH

2020-01-14 16:52:08,676 INFO VIPSRV-PUSH

2020-01-14 16:52:28,676 INFO VIPSRV-PUSH

2020-01-14 16:52:48,676 INFO VIPSRV-PUSH

2020-01-14 16:53:08,677 INFO VIPSRV-PUSH

2020-01-14 16:53:28,678 INFO VIPSRV-PUSH

2020-01-14 16:53:48,678 INFO VIPSRV-PUSH

2020-01-14 16:54:08,679 INFO VIPSRV-PUSH

2020-01-14 16:54:28,679 INFO VIPSRV-PUSH

2020-01-14 16:54:48,681 INFO VIPSRV-PUSH

2020-01-14 16:55:08,682 INFO VIPSRV-PUSH

2020-01-14 16:55:28,682 INFO VIPSRV-PUSH

2020-01-14 16:55:48,684 INFO VIPSRV-PUSH

2020-01-14 16:56:08,684 INFO VIPSRV-PUSH

2020-01-14 16:56:28,686 INFO VIPSRV-PUSH

2020-01-14 16:56:48,687 INFO VIPSRV-PUSH

2020-01-14 16:57:08,688 INFO VIPSRV-PUSH

2020-01-14 16:57:28,689 INFO VIPSRV-PUSH

2020-01-14 16:57:48,689 INFO VIPSRV-PUSH

2020-01-14 16:58:08,690 INFO VIPSRV-PUSH

2020-01-14 16:58:28,691 INFO VIPSRV-PUSH

2020-01-14 16:58:48,691 INFO VIPSRV-PUSH

2020-01-14 16:59:08,692 INFO VIPSRV-PUSH

2020-01-14 16:59:28,693 INFO VIPSRV-PUSH

2020-01-14 16:59:48,693 INFO VIPSRV-PUSH

2020-01-14 17:00:08,695 INFO VIPSRV-PUSH

2020-01-14 17:00:28,695 INFO VIPSRV-PUSH

2020-01-14 17:00:48,696 INFO VIPSRV-PUSH

2020-01-14 17:01:08,697 INFO VIPSRV-PUSH

2020-01-14 17:01:28,697 INFO VIPSRV-PUSH

2020-01-14 17:01:48,698 INFO VIPSRV-PUSH

2020-01-14 17:02:08,699 INFO VIPSRV-PUSH

2020-01-14 17:02:28,700 INFO VIPSRV-PUSH

2020-01-14 17:02:48,701 INFO VIPSRV-PUSH

2020-01-14 17:03:08,701 INFO VIPSRV-PUSH

2020-01-14 17:03:28,702 INFO VIPSRV-PUSH

2020-01-14 17:03:48,703 INFO VIPSRV-PUSH

2020-01-14 17:04:08,703 INFO VIPSRV-PUSH

2020-01-14 17:04:28,705 INFO VIPSRV-PUSH

2020-01-14 17:04:48,706 INFO VIPSRV-PUSH

2020-01-14 17:05:08,707 INFO VIPSRV-PUSH

2020-01-14 17:05:28,708 INFO VIPSRV-PUSH

2020-01-14 17:05:48,708 INFO VIPSRV-PUSH

2020-01-14 17:06:08,710 INFO VIPSRV-PUSH

2020-01-14 17:06:28,711 INFO VIPSRV-PUSH

2020-01-14 17:06:48,711 INFO VIPSRV-PUSH

2020-01-14 17:07:08,711 INFO VIPSRV-PUSH

2020-01-14 17:07:28,712 INFO VIPSRV-PUSH

2020-01-14 17:07:48,712 INFO VIPSRV-PUSH

2020-01-14 17:08:08,713 INFO VIPSRV-PUSH

2020-01-14 17:08:28,714 INFO VIPSRV-PUSH

2020-01-14 17:08:48,714 INFO VIPSRV-PUSH

2020-01-14 17:09:08,715 INFO VIPSRV-PUSH

2020-01-14 17:09:28,715 INFO VIPSRV-PUSH

2020-01-14 17:09:48,716 INFO VIPSRV-PUSH

2020-01-14 17:10:08,717 INFO VIPSRV-PUSH

2020-01-14 17:10:28,717 INFO VIPSRV-PUSH

2020-01-14 17:10:48,718 INFO VIPSRV-PUSH

2020-01-14 17:11:08,719 INFO VIPSRV-PUSH

2020-01-14 17:11:28,719 INFO VIPSRV-PUSH

2020-01-14 17:11:48,720 INFO VIPSRV-PUSH

2020-01-14 17:12:08,721 INFO VIPSRV-PUSH

2020-01-14 17:12:28,721 INFO VIPSRV-PUSH

2020-01-14 17:12:48,721 INFO VIPSRV-PUSH

2020-01-14 17:13:08,723 INFO VIPSRV-PUSH

2020-01-14 17:13:28,724 INFO VIPSRV-PUSH

2020-01-14 17:13:48,725 INFO VIPSRV-PUSH

2020-01-14 17:14:08,727 INFO VIPSRV-PUSH

2020-01-14 17:14:28,727 INFO VIPSRV-PUSH

2020-01-14 17:14:48,728 INFO VIPSRV-PUSH

2020-01-14 17:15:08,728 INFO VIPSRV-PUSH

2020-01-14 17:15:28,729 INFO VIPSRV-PUSH

2020-01-14 17:15:48,730 INFO VIPSRV-PUSH

2020-01-14 17:16:08,730 INFO VIPSRV-PUSH

2020-01-14 17:16:28,731 INFO VIPSRV-PUSH

2020-01-14 17:16:48,733 INFO VIPSRV-PUSH

2020-01-14 17:17:08,733 INFO VIPSRV-PUSH

2020-01-14 17:17:28,734 INFO VIPSRV-PUSH

2020-01-14 17:17:48,735 INFO VIPSRV-PUSH

2020-01-14 17:18:08,736 INFO VIPSRV-PUSH

2020-01-14 17:18:28,737 INFO VIPSRV-PUSH

2020-01-14 17:18:48,737 INFO VIPSRV-PUSH

2020-01-14 17:19:08,738 INFO VIPSRV-PUSH

2020-01-14 17:19:28,739 INFO VIPSRV-PUSH

2020-01-14 17:19:48,740 INFO VIPSRV-PUSH

2020-01-14 17:20:08,741 INFO VIPSRV-PUSH

2020-01-14 17:20:28,741 INFO VIPSRV-PUSH

2020-01-14 17:20:48,741 INFO VIPSRV-PUSH

2020-01-14 17:21:08,742 INFO VIPSRV-PUSH

2020-01-14 17:21:28,743 INFO VIPSRV-PUSH

2020-01-14 17:21:48,744 INFO VIPSRV-PUSH

2020-01-14 17:22:08,744 INFO VIPSRV-PUSH

2020-01-14 17:22:28,745 INFO VIPSRV-PUSH

2020-01-14 17:22:48,747 INFO VIPSRV-PUSH

2020-01-14 17:23:08,747 INFO VIPSRV-PUSH

2020-01-14 17:23:28,748 INFO VIPSRV-PUSH

2020-01-14 17:23:48,748 INFO VIPSRV-PUSH

2020-01-14 17:24:08,749 INFO VIPSRV-PUSH

2020-01-14 17:24:28,750 INFO VIPSRV-PUSH

2020-01-14 17:24:48,751 INFO VIPSRV-PUSH

2020-01-14 17:25:08,752 INFO VIPSRV-PUSH

2020-01-14 17:25:28,753 INFO VIPSRV-PUSH

2020-01-14 17:25:48,754 INFO VIPSRV-PUSH

2020-01-14 17:26:08,755 INFO VIPSRV-PUSH

2020-01-14 17:26:28,755 INFO VIPSRV-PUSH

2020-01-14 17:26:48,756 INFO VIPSRV-PUSH

2020-01-14 17:27:08,757 INFO VIPSRV-PUSH

2020-01-14 17:27:28,758 INFO VIPSRV-PUSH

2020-01-14 17:27:48,759 INFO VIPSRV-PUSH

2020-01-14 17:28:08,759 INFO VIPSRV-PUSH

2020-01-14 17:28:28,760 INFO VIPSRV-PUSH

2020-01-14 17:28:48,761 INFO VIPSRV-PUSH

2020-01-14 17:29:08,761 INFO VIPSRV-PUSH

2020-01-14 17:29:28,763 INFO VIPSRV-PUSH

2020-01-14 17:29:48,764 INFO VIPSRV-PUSH

2020-01-14 17:30:08,765 INFO VIPSRV-PUSH

2020-01-14 17:30:28,766 INFO VIPSRV-PUSH

2020-01-14 17:30:48,767 INFO VIPSRV-PUSH

2020-01-14 17:31:08,767 INFO VIPSRV-PUSH

2020-01-14 17:31:28,769 INFO VIPSRV-PUSH

2020-01-14 17:31:48,769 INFO VIPSRV-PUSH

2020-01-14 17:32:08,771 INFO VIPSRV-PUSH

2020-01-14 17:32:28,772 INFO VIPSRV-PUSH

2020-01-14 17:32:48,772 INFO VIPSRV-PUSH

2020-01-14 17:33:08,773 INFO VIPSRV-PUSH

2020-01-14 17:33:28,774 INFO VIPSRV-PUSH

2020-01-14 17:33:48,775 INFO VIPSRV-PUSH

2020-01-14 17:34:08,776 INFO VIPSRV-PUSH

2020-01-14 17:34:28,778 INFO VIPSRV-PUSH

2020-01-14 17:34:48,779 INFO VIPSRV-PUSH

2020-01-14 17:35:08,780 INFO VIPSRV-PUSH

2020-01-14 17:35:28,781 INFO VIPSRV-PUSH

2020-01-14 17:35:48,782 INFO VIPSRV-PUSH

2020-01-14 17:36:08,782 INFO VIPSRV-PUSH

2020-01-14 17:36:28,783 INFO VIPSRV-PUSH

2020-01-14 17:36:48,785 INFO VIPSRV-PUSH

2020-01-14 17:37:08,785 INFO VIPSRV-PUSH

2020-01-14 17:37:28,786 INFO VIPSRV-PUSH

2020-01-14 17:37:48,787 INFO VIPSRV-PUSH

2020-01-14 17:38:08,788 INFO VIPSRV-PUSH

2020-01-14 17:38:28,788 INFO VIPSRV-PUSH

2020-01-14 17:38:48,788 INFO VIPSRV-PUSH

2020-01-14 17:39:08,789 INFO VIPSRV-PUSH

2020-01-14 17:39:28,790 INFO VIPSRV-PUSH

2020-01-14 17:39:48,791 INFO VIPSRV-PUSH

2020-01-14 17:40:08,793 INFO VIPSRV-PUSH

2020-01-14 17:40:28,794 INFO VIPSRV-PUSH

2020-01-14 17:40:48,794 INFO VIPSRV-PUSH

2020-01-14 17:41:08,795 INFO VIPSRV-PUSH

2020-01-14 17:41:28,795 INFO VIPSRV-PUSH

2020-01-14 17:41:48,796 INFO VIPSRV-PUSH

2020-01-14 17:42:08,798 INFO VIPSRV-PUSH

2020-01-14 17:42:28,798 INFO VIPSRV-PUSH

2020-01-14 17:42:48,799 INFO VIPSRV-PUSH

2020-01-14 17:43:08,799 INFO VIPSRV-PUSH

2020-01-14 17:43:28,800 INFO VIPSRV-PUSH

2020-01-14 17:43:48,800 INFO VIPSRV-PUSH

2020-01-14 17:44:08,801 INFO VIPSRV-PUSH

2020-01-14 17:44:28,801 INFO VIPSRV-PUSH

2020-01-14 17:44:48,802 INFO VIPSRV-PUSH

2020-01-14 17:45:08,803 INFO VIPSRV-PUSH

2020-01-14 17:45:28,805 INFO VIPSRV-PUSH

2020-01-14 17:45:48,805 INFO VIPSRV-PUSH

2020-01-14 17:46:08,806 INFO VIPSRV-PUSH

2020-01-14 17:46:28,807 INFO VIPSRV-PUSH

2020-01-14 17:46:48,809 INFO VIPSRV-PUSH

2020-01-14 17:47:08,809 INFO VIPSRV-PUSH

2020-01-14 17:47:28,810 INFO VIPSRV-PUSH

2020-01-14 17:47:48,811 INFO VIPSRV-PUSH

2020-01-14 17:48:08,812 INFO VIPSRV-PUSH

2020-01-14 17:48:28,812 INFO VIPSRV-PUSH

2020-01-14 17:48:48,813 INFO VIPSRV-PUSH

2020-01-14 17:49:08,814 INFO VIPSRV-PUSH

2020-01-14 17:49:28,816 INFO VIPSRV-PUSH

2020-01-14 17:49:48,816 INFO VIPSRV-PUSH

2020-01-14 17:50:08,816 INFO VIPSRV-PUSH

2020-01-14 17:50:28,818 INFO VIPSRV-PUSH

2020-01-14 17:50:48,818 INFO VIPSRV-PUSH

2020-01-14 17:51:08,819 INFO VIPSRV-PUSH

2020-01-14 17:51:28,819 INFO VIPSRV-PUSH

2020-01-14 17:51:48,819 INFO VIPSRV-PUSH

2020-01-14 17:52:08,820 INFO VIPSRV-PUSH

2020-01-14 17:52:28,821 INFO VIPSRV-PUSH

2020-01-14 17:52:48,822 INFO VIPSRV-PUSH

2020-01-14 17:53:08,823 INFO VIPSRV-PUSH

2020-01-14 17:53:28,825 INFO VIPSRV-PUSH

2020-01-14 17:53:48,826 INFO VIPSRV-PUSH

2020-01-14 17:54:08,827 INFO VIPSRV-PUSH

2020-01-14 17:54:28,827 INFO VIPSRV-PUSH

2020-01-14 17:54:48,828 INFO VIPSRV-PUSH

2020-01-14 17:55:08,828 INFO VIPSRV-PUSH

2020-01-14 17:55:28,829 INFO VIPSRV-PUSH

2020-01-14 17:55:48,830 INFO VIPSRV-PUSH

2020-01-14 17:56:08,830 INFO VIPSRV-PUSH

2020-01-14 17:56:28,831 INFO VIPSRV-PUSH

2020-01-14 17:56:48,832 INFO VIPSRV-PUSH

2020-01-14 17:57:08,833 INFO VIPSRV-PUSH

2020-01-14 17:57:28,833 INFO VIPSRV-PUSH

2020-01-14 17:57:48,834 INFO VIPSRV-PUSH

2020-01-14 17:58:08,835 INFO VIPSRV-PUSH

2020-01-14 17:58:28,835 INFO VIPSRV-PUSH

2020-01-14 17:58:48,836 INFO VIPSRV-PUSH

2020-01-14 17:59:08,836 INFO VIPSRV-PUSH

2020-01-14 17:59:28,837 INFO VIPSRV-PUSH

2020-01-14 17:59:48,838 INFO VIPSRV-PUSH

2020-01-14 18:00:08,840 INFO VIPSRV-PUSH

2020-01-14 18:00:28,840 INFO VIPSRV-PUSH

2020-01-14 18:00:48,841 INFO VIPSRV-PUSH

2020-01-14 18:01:08,842 INFO VIPSRV-PUSH

2020-01-14 18:01:28,843 INFO VIPSRV-PUSH

2020-01-14 18:01:48,843 INFO VIPSRV-PUSH

2020-01-14 18:02:08,844 INFO VIPSRV-PUSH

2020-01-14 18:02:28,845 INFO VIPSRV-PUSH

2020-01-14 18:02:48,846 INFO VIPSRV-PUSH

2020-01-14 18:03:08,847 INFO VIPSRV-PUSH

2020-01-14 18:03:28,848 INFO VIPSRV-PUSH

2020-01-14 18:03:48,848 INFO VIPSRV-PUSH

2020-01-14 18:04:08,849 INFO VIPSRV-PUSH

2020-01-14 18:04:28,849 INFO VIPSRV-PUSH

2020-01-14 18:04:48,850 INFO VIPSRV-PUSH

2020-01-14 18:05:08,850 INFO VIPSRV-PUSH

2020-01-14 18:05:28,851 INFO VIPSRV-PUSH

2020-01-14 18:05:48,853 INFO VIPSRV-PUSH

2020-01-14 18:06:08,854 INFO VIPSRV-PUSH

2020-01-14 18:06:28,854 INFO VIPSRV-PUSH

2020-01-14 18:06:48,855 INFO VIPSRV-PUSH

2020-01-14 18:07:08,856 INFO VIPSRV-PUSH

2020-01-14 18:07:28,856 INFO VIPSRV-PUSH

2020-01-14 18:07:48,857 INFO VIPSRV-PUSH

2020-01-14 18:08:08,857 INFO VIPSRV-PUSH

2020-01-14 18:08:28,859 INFO VIPSRV-PUSH

2020-01-14 18:08:48,859 INFO VIPSRV-PUSH

2020-01-14 18:09:08,860 INFO VIPSRV-PUSH

2020-01-14 18:09:28,861 INFO VIPSRV-PUSH

2020-01-14 18:09:48,861 INFO VIPSRV-PUSH

2020-01-14 18:10:08,862 INFO VIPSRV-PUSH

2020-01-14 18:10:28,863 INFO VIPSRV-PUSH

2020-01-14 18:10:48,864 INFO VIPSRV-PUSH

2020-01-14 18:11:08,864 INFO VIPSRV-PUSH

2020-01-14 18:11:28,866 INFO VIPSRV-PUSH

2020-01-14 18:11:48,866 INFO VIPSRV-PUSH

2020-01-14 18:12:08,867 INFO VIPSRV-PUSH

2020-01-14 18:12:28,868 INFO VIPSRV-PUSH

2020-01-14 18:12:48,869 INFO VIPSRV-PUSH

2020-01-14 18:13:08,871 INFO VIPSRV-PUSH

2020-01-14 18:13:28,872 INFO VIPSRV-PUSH

2020-01-14 18:13:48,872 INFO VIPSRV-PUSH

2020-01-14 18:14:08,873 INFO VIPSRV-PUSH

2020-01-14 18:14:28,874 INFO VIPSRV-PUSH

2020-01-14 18:14:48,875 INFO VIPSRV-PUSH

2020-01-14 18:15:08,875 INFO VIPSRV-PUSH

2020-01-14 18:15:28,877 INFO VIPSRV-PUSH

2020-01-14 18:15:48,877 INFO VIPSRV-PUSH

2020-01-14 18:16:08,879 INFO VIPSRV-PUSH

2020-01-14 18:16:28,879 INFO VIPSRV-PUSH

2020-01-14 18:16:48,880 INFO VIPSRV-PUSH

2020-01-14 18:17:08,881 INFO VIPSRV-PUSH

2020-01-14 18:17:28,881 INFO VIPSRV-PUSH

2020-01-14 18:17:48,882 INFO VIPSRV-PUSH

2020-01-14 18:18:08,883 INFO VIPSRV-PUSH

2020-01-14 18:18:28,883 INFO VIPSRV-PUSH

2020-01-14 18:18:48,885 INFO VIPSRV-PUSH

2020-01-14 18:19:08,885 INFO VIPSRV-PUSH

2020-01-14 18:19:28,886 INFO VIPSRV-PUSH

2020-01-14 18:19:48,886 INFO VIPSRV-PUSH

2020-01-14 18:20:08,887 INFO VIPSRV-PUSH

2020-01-14 18:20:28,887 INFO VIPSRV-PUSH

2020-01-14 18:20:48,888 INFO VIPSRV-PUSH

2020-01-14 18:21:08,889 INFO VIPSRV-PUSH

2020-01-14 18:21:28,889 INFO VIPSRV-PUSH

2020-01-14 18:21:48,891 INFO VIPSRV-PUSH

2020-01-14 18:22:08,891 INFO VIPSRV-PUSH

2020-01-14 18:22:28,892 INFO VIPSRV-PUSH

2020-01-14 18:22:48,892 INFO VIPSRV-PUSH

2020-01-14 18:23:08,893 INFO VIPSRV-PUSH

2020-01-14 18:23:28,894 INFO VIPSRV-PUSH

2020-01-14 18:23:48,896 INFO VIPSRV-PUSH

2020-01-14 18:24:08,896 INFO VIPSRV-PUSH

2020-01-14 18:24:28,897 INFO VIPSRV-PUSH

2020-01-14 18:24:48,899 INFO VIPSRV-PUSH

2020-01-14 18:25:08,899 INFO VIPSRV-PUSH

2020-01-14 18:25:28,900 INFO VIPSRV-PUSH

2020-01-14 18:25:48,902 INFO VIPSRV-PUSH

2020-01-14 18:26:08,902 INFO VIPSRV-PUSH

2020-01-14 18:26:28,903 INFO VIPSRV-PUSH

2020-01-14 18:26:48,904 INFO VIPSRV-PUSH

2020-01-14 18:27:08,904 INFO VIPSRV-PUSH

2020-01-14 18:27:28,905 INFO VIPSRV-PUSH

2020-01-14 18:27:48,906 INFO VIPSRV-PUSH

2020-01-14 18:28:08,906 INFO VIPSRV-PUSH

2020-01-14 18:28:28,907 INFO VIPSRV-PUSH

2020-01-14 18:28:48,908 INFO VIPSRV-PUSH

2020-01-14 18:29:08,908 INFO VIPSRV-PUSH

2020-01-14 18:29:28,910 INFO VIPSRV-PUSH

2020-01-14 18:29:48,911 INFO VIPSRV-PUSH

2020-01-14 18:30:08,913 INFO VIPSRV-PUSH

2020-01-14 18:30:28,914 INFO VIPSRV-PUSH

2020-01-14 18:30:48,915 INFO VIPSRV-PUSH

2020-01-14 18:31:08,916 INFO VIPSRV-PUSH

2020-01-14 18:31:28,916 INFO VIPSRV-PUSH

2020-01-14 18:31:48,917 INFO VIPSRV-PUSH

2020-01-14 18:32:08,918 INFO VIPSRV-PUSH

2020-01-14 18:32:28,919 INFO VIPSRV-PUSH

2020-01-14 18:32:48,920 INFO VIPSRV-PUSH

2020-01-14 18:33:08,920 INFO VIPSRV-PUSH

2020-01-14 18:33:28,920 INFO VIPSRV-PUSH

2020-01-14 18:33:48,921 INFO VIPSRV-PUSH

2020-01-14 18:34:08,922 INFO VIPSRV-PUSH

2020-01-14 18:34:28,922 INFO VIPSRV-PUSH

2020-01-14 18:34:48,923 INFO VIPSRV-PUSH

2020-01-14 18:35:08,924 INFO VIPSRV-PUSH

2020-01-14 18:35:28,925 INFO VIPSRV-PUSH

2020-01-14 18:35:48,926 INFO VIPSRV-PUSH

2020-01-14 18:36:08,926 INFO VIPSRV-PUSH

2020-01-14 18:36:28,927 INFO VIPSRV-PUSH

2020-01-14 18:36:48,927 INFO VIPSRV-PUSH

2020-01-14 18:37:08,927 INFO VIPSRV-PUSH

2020-01-14 18:37:28,928 INFO VIPSRV-PUSH

2020-01-14 18:37:48,928 INFO VIPSRV-PUSH

2020-01-14 18:38:08,929 INFO VIPSRV-PUSH

2020-01-14 18:38:28,929 INFO VIPSRV-PUSH

2020-01-14 18:38:48,930 INFO VIPSRV-PUSH

2020-01-14 18:39:08,931 INFO VIPSRV-PUSH

2020-01-14 18:39:28,932 INFO VIPSRV-PUSH

2020-01-14 18:39:48,932 INFO VIPSRV-PUSH

2020-01-14 18:40:08,933 INFO VIPSRV-PUSH

2020-01-14 18:40:28,934 INFO VIPSRV-PUSH

2020-01-14 18:40:48,935 INFO VIPSRV-PUSH

2020-01-14 18:41:08,936 INFO VIPSRV-PUSH

2020-01-14 18:41:28,938 INFO VIPSRV-PUSH

2020-01-14 18:41:48,938 INFO VIPSRV-PUSH

2020-01-14 18:42:08,939 INFO VIPSRV-PUSH

2020-01-14 18:42:28,940 INFO VIPSRV-PUSH

2020-01-14 18:42:48,941 INFO VIPSRV-PUSH

2020-01-14 18:43:08,941 INFO VIPSRV-PUSH

2020-01-14 18:43:28,942 INFO VIPSRV-PUSH

2020-01-14 18:43:48,943 INFO VIPSRV-PUSH

2020-01-14 18:44:08,943 INFO VIPSRV-PUSH

2020-01-14 18:44:28,943 INFO VIPSRV-PUSH

2020-01-14 18:44:48,944 INFO VIPSRV-PUSH

2020-01-14 18:45:08,945 INFO VIPSRV-PUSH

2020-01-14 18:45:28,945 INFO VIPSRV-PUSH

2020-01-14 18:45:48,946 INFO VIPSRV-PUSH

2020-01-14 18:46:08,946 INFO VIPSRV-PUSH

2020-01-14 18:46:28,947 INFO VIPSRV-PUSH

2020-01-14 18:46:48,948 INFO VIPSRV-PUSH

2020-01-14 18:47:08,949 INFO VIPSRV-PUSH

2020-01-14 18:47:28,950 INFO VIPSRV-PUSH

2020-01-14 18:47:48,950 INFO VIPSRV-PUSH

2020-01-14 18:48:08,950 INFO VIPSRV-PUSH

2020-01-14 18:48:28,951 INFO VIPSRV-PUSH

2020-01-14 18:48:48,952 INFO VIPSRV-PUSH

2020-01-14 18:49:08,953 INFO VIPSRV-PUSH

2020-01-14 18:49:28,953 INFO VIPSRV-PUSH

2020-01-14 18:49:48,954 INFO VIPSRV-PUSH

2020-01-14 18:50:08,955 INFO VIPSRV-PUSH

2020-01-14 18:50:28,955 INFO VIPSRV-PUSH

2020-01-14 18:50:48,956 INFO VIPSRV-PUSH

2020-01-14 18:51:08,958 INFO VIPSRV-PUSH

2020-01-14 18:51:28,959 INFO VIPSRV-PUSH

2020-01-14 18:51:48,960 INFO VIPSRV-PUSH

2020-01-14 18:52:08,961 INFO VIPSRV-PUSH

2020-01-14 18:52:28,963 INFO VIPSRV-PUSH

2020-01-14 18:52:48,963 INFO VIPSRV-PUSH

2020-01-14 18:53:08,964 INFO VIPSRV-PUSH

2020-01-14 18:53:28,965 INFO VIPSRV-PUSH

2020-01-14 18:53:48,966 INFO VIPSRV-PUSH

2020-01-14 18:54:08,966 INFO VIPSRV-PUSH

2020-01-14 18:54:28,966 INFO VIPSRV-PUSH

2020-01-14 18:54:48,967 INFO VIPSRV-PUSH

2020-01-14 18:55:08,968 INFO VIPSRV-PUSH

2020-01-14 18:55:28,968 INFO VIPSRV-PUSH

2020-01-14 18:55:48,969 INFO VIPSRV-PUSH

2020-01-14 18:56:08,969 INFO VIPSRV-PUSH

2020-01-14 18:56:28,970 INFO VIPSRV-PUSH

2020-01-14 18:56:48,970 INFO VIPSRV-PUSH

2020-01-14 18:57:08,971 INFO VIPSRV-PUSH

2020-01-14 18:57:28,972 INFO VIPSRV-PUSH

2020-01-14 18:57:48,972 INFO VIPSRV-PUSH

2020-01-14 18:58:08,973 INFO VIPSRV-PUSH

2020-01-14 18:58:28,974 INFO VIPSRV-PUSH

2020-01-14 18:58:48,975 INFO VIPSRV-PUSH

2020-01-14 18:59:08,976 INFO VIPSRV-PUSH

2020-01-14 18:59:28,976 INFO VIPSRV-PUSH

2020-01-14 18:59:48,977 INFO VIPSRV-PUSH

2020-01-14 19:00:08,978 INFO VIPSRV-PUSH

2020-01-14 19:00:28,978 INFO VIPSRV-PUSH

2020-01-14 19:00:48,979 INFO VIPSRV-PUSH

2020-01-14 19:01:08,980 INFO VIPSRV-PUSH

2020-01-14 19:01:28,982 INFO VIPSRV-PUSH

2020-01-14 19:01:48,983 INFO VIPSRV-PUSH

2020-01-14 19:02:08,983 INFO VIPSRV-PUSH

2020-01-14 19:02:28,983 INFO VIPSRV-PUSH

2020-01-14 19:02:48,984 INFO VIPSRV-PUSH

2020-01-14 19:03:08,984 INFO VIPSRV-PUSH

2020-01-14 19:03:28,985 INFO VIPSRV-PUSH

2020-01-14 19:03:48,985 INFO VIPSRV-PUSH

2020-01-14 19:04:08,986 INFO VIPSRV-PUSH

2020-01-14 19:04:28,987 INFO VIPSRV-PUSH

2020-01-14 19:04:48,988 INFO VIPSRV-PUSH

2020-01-14 19:05:08,989 INFO VIPSRV-PUSH

2020-01-14 19:05:28,990 INFO VIPSRV-PUSH

2020-01-14 19:05:48,990 INFO VIPSRV-PUSH

2020-01-14 19:06:08,992 INFO VIPSRV-PUSH

2020-01-14 19:06:28,992 INFO VIPSRV-PUSH

2020-01-14 19:06:48,992 INFO VIPSRV-PUSH

2020-01-14 19:07:08,993 INFO VIPSRV-PUSH

2020-01-14 19:07:28,994 INFO VIPSRV-PUSH

2020-01-14 19:07:48,996 INFO VIPSRV-PUSH

2020-01-14 19:08:08,996 INFO VIPSRV-PUSH

2020-01-14 19:08:28,997 INFO VIPSRV-PUSH

2020-01-14 19:08:48,998 INFO VIPSRV-PUSH

2020-01-14 19:09:08,998 INFO VIPSRV-PUSH

2020-01-14 19:09:28,999 INFO VIPSRV-PUSH

2020-01-14 19:09:49,000 INFO VIPSRV-PUSH

2020-01-14 19:10:09,001 INFO VIPSRV-PUSH

2020-01-14 19:10:29,001 INFO VIPSRV-PUSH

2020-01-14 19:10:49,002 INFO VIPSRV-PUSH

2020-01-14 19:11:09,003 INFO VIPSRV-PUSH

2020-01-14 19:11:29,003 INFO VIPSRV-PUSH

2020-01-14 19:11:49,005 INFO VIPSRV-PUSH

2020-01-14 19:12:09,006 INFO VIPSRV-PUSH

2020-01-14 19:12:29,007 INFO VIPSRV-PUSH

2020-01-14 19:12:49,008 INFO VIPSRV-PUSH

2020-01-14 19:13:09,009 INFO VIPSRV-PUSH

2020-01-14 19:13:29,010 INFO VIPSRV-PUSH

2020-01-14 19:13:49,011 INFO VIPSRV-PUSH

2020-01-14 19:14:09,012 INFO VIPSRV-PUSH

2020-01-14 19:14:29,013 INFO VIPSRV-PUSH

2020-01-14 19:14:49,014 INFO VIPSRV-PUSH

2020-01-14 19:15:09,015 INFO VIPSRV-PUSH

2020-01-14 19:15:29,016 INFO VIPSRV-PUSH

2020-01-14 19:15:49,016 INFO VIPSRV-PUSH

2020-01-14 19:16:09,017 INFO VIPSRV-PUSH

2020-01-14 19:16:29,017 INFO VIPSRV-PUSH

2020-01-14 19:16:49,018 INFO VIPSRV-PUSH

2020-01-14 19:17:09,018 INFO VIPSRV-PUSH

2020-01-14 19:17:29,019 INFO VIPSRV-PUSH

2020-01-14 19:17:49,019 INFO VIPSRV-PUSH

2020-01-14 19:18:09,020 INFO VIPSRV-PUSH

2020-01-14 19:18:29,021 INFO VIPSRV-PUSH

2020-01-14 19:18:49,022 INFO VIPSRV-PUSH

2020-01-14 19:19:09,022 INFO VIPSRV-PUSH

2020-01-14 19:19:29,023 INFO VIPSRV-PUSH

2020-01-14 19:19:49,023 INFO VIPSRV-PUSH

2020-01-14 19:20:09,024 INFO VIPSRV-PUSH

2020-01-14 19:20:29,025 INFO VIPSRV-PUSH

2020-01-14 19:20:49,025 INFO VIPSRV-PUSH

2020-01-14 19:21:09,028 INFO VIPSRV-PUSH

2020-01-14 19:21:29,028 INFO VIPSRV-PUSH

2020-01-14 19:21:49,029 INFO VIPSRV-PUSH

2020-01-14 19:22:09,029 INFO VIPSRV-PUSH

2020-01-14 19:22:29,029 INFO VIPSRV-PUSH

2020-01-14 19:22:49,030 INFO VIPSRV-PUSH

2020-01-14 19:23:09,031 INFO VIPSRV-PUSH

2020-01-14 19:23:29,032 INFO VIPSRV-PUSH

2020-01-14 19:23:49,034 INFO VIPSRV-PUSH

2020-01-14 19:24:09,034 INFO VIPSRV-PUSH

2020-01-14 19:24:29,035 INFO VIPSRV-PUSH

2020-01-14 19:24:49,035 INFO VIPSRV-PUSH

2020-01-14 19:25:09,036 INFO VIPSRV-PUSH

2020-01-14 19:25:29,037 INFO VIPSRV-PUSH

2020-01-14 19:25:49,038 INFO VIPSRV-PUSH

2020-01-14 19:26:09,038 INFO VIPSRV-PUSH

2020-01-14 19:26:29,039 INFO VIPSRV-PUSH

2020-01-14 19:26:49,039 INFO VIPSRV-PUSH

2020-01-14 19:27:09,041 INFO VIPSRV-PUSH

2020-01-14 19:27:29,041 INFO VIPSRV-PUSH

2020-01-14 19:27:49,042 INFO VIPSRV-PUSH

2020-01-14 19:28:09,043 INFO VIPSRV-PUSH

2020-01-14 19:28:29,043 INFO VIPSRV-PUSH

2020-01-14 19:28:49,044 INFO VIPSRV-PUSH

2020-01-14 19:29:09,044 INFO VIPSRV-PUSH

2020-01-14 19:29:29,045 INFO VIPSRV-PUSH

2020-01-14 19:29:49,045 INFO VIPSRV-PUSH

2020-01-14 19:30:09,047 INFO VIPSRV-PUSH

2020-01-14 19:30:29,049 INFO VIPSRV-PUSH

2020-01-14 19:30:49,049 INFO VIPSRV-PUSH

2020-01-14 19:31:09,050 INFO VIPSRV-PUSH

2020-01-14 19:31:29,051 INFO VIPSRV-PUSH

2020-01-14 19:31:49,051 INFO VIPSRV-PUSH

2020-01-14 19:32:09,052 INFO VIPSRV-PUSH

2020-01-14 19:32:29,053 INFO VIPSRV-PUSH

2020-01-14 19:32:49,055 INFO VIPSRV-PUSH

2020-01-14 19:33:09,056 INFO VIPSRV-PUSH

2020-01-14 19:33:29,057 INFO VIPSRV-PUSH

2020-01-14 19:33:49,057 INFO VIPSRV-PUSH

2020-01-14 19:34:09,058 INFO VIPSRV-PUSH

2020-01-14 19:34:29,059 INFO VIPSRV-PUSH

2020-01-14 19:34:49,062 INFO VIPSRV-PUSH

2020-01-14 19:35:09,064 INFO VIPSRV-PUSH

2020-01-14 19:35:29,064 INFO VIPSRV-PUSH

2020-01-14 19:35:49,065 INFO VIPSRV-PUSH

2020-01-14 19:36:09,066 INFO VIPSRV-PUSH

2020-01-14 19:36:29,066 INFO VIPSRV-PUSH

2020-01-14 19:36:29,904 INFO nacos-consumer-feign is changed, add it to push queue.

2020-01-14 19:36:29,904 INFO dom: nacos-consumer-feign changed, schedule push for: 192.168.123.17:54362, agent: Nacos-Java-Client:v0.2.1, key: 192.168.123.17,54362,109947998366500

2020-01-14 19:36:29,904 INFO send udp packet: 192.168.123.17,54362,109947998366500

2020-01-14 19:36:29,906 INFO received ack: {"type": "push-ack", "lastRefTime":"109947998366500", "data":""} from: 192.168.123.17:54362, cost: 2ms, unacked: 0,total push: 8

2020-01-14 19:36:49,067 INFO VIPSRV-PUSH

2020-01-14 19:37:09,067 INFO VIPSRV-PUSH

2020-01-14 19:37:29,069 INFO VIPSRV-PUSH

2020-01-14 19:37:36,151 INFO spring-gateway is changed, add it to push queue.

2020-01-14 19:37:49,070 INFO VIPSRV-PUSH

2020-01-14 19:38:09,071 INFO VIPSRV-PUSH

2020-01-14 19:38:29,071 INFO VIPSRV-PUSH

2020-01-14 19:38:49,073 INFO VIPSRV-PUSH

2020-01-14 19:38:50,096 INFO nacos-provider is changed, add it to push queue.

2020-01-14 19:38:55,581 INFO nacos-provider is changed, add it to push queue.

2020-01-14 19:39:09,073 INFO VIPSRV-PUSH

2020-01-14 19:39:29,074 INFO VIPSRV-PUSH

2020-01-14 19:39:49,074 INFO VIPSRV-PUSH

2020-01-14 19:40:09,075 INFO VIPSRV-PUSH

2020-01-14 19:40:29,075 INFO VIPSRV-PUSH

2020-01-14 19:40:49,076 INFO VIPSRV-PUSH

2020-01-14 19:41:09,077 INFO VIPSRV-PUSH

2020-01-14 19:41:29,079 INFO VIPSRV-PUSH

2020-01-14 19:41:49,080 INFO VIPSRV-PUSH

2020-01-14 19:42:09,080 INFO VIPSRV-PUSH

2020-01-14 19:42:29,082 INFO VIPSRV-PUSH

2020-01-14 19:42:49,082 INFO VIPSRV-PUSH

2020-01-14 19:43:09,083 INFO VIPSRV-PUSH

2020-01-14 19:43:29,083 INFO VIPSRV-PUSH

2020-01-14 19:43:38,039 INFO spring-gateway is changed, add it to push queue.

2020-01-14 19:43:49,085 INFO VIPSRV-PUSH

2020-01-14 19:44:09,085 INFO VIPSRV-PUSH

2020-01-14 19:44:29,086 INFO VIPSRV-PUSH

2020-01-14 19:44:40,292 INFO spring-gateway is changed, add it to push queue.

2020-01-14 19:44:49,086 INFO VIPSRV-PUSH

2020-01-14 19:45:09,087 INFO VIPSRV-PUSH

2020-01-14 19:45:18,949 INFO nacos-consumer-feign is changed, add it to push queue.

2020-01-14 19:45:29,087 INFO VIPSRV-PUSH

2020-01-14 19:45:49,089 INFO VIPSRV-PUSH

2020-01-14 19:46:09,089 INFO VIPSRV-PUSH

2020-01-14 19:46:29,089 INFO VIPSRV-PUSH

2020-01-14 19:46:49,090 INFO VIPSRV-PUSH

2020-01-14 19:47:09,091 INFO VIPSRV-PUSH

2020-01-14 19:47:29,092 INFO VIPSRV-PUSH

2020-01-14 19:47:49,092 INFO VIPSRV-PUSH

2020-01-14 19:48:09,093 INFO VIPSRV-PUSH

2020-01-14 19:48:29,093 INFO VIPSRV-PUSH

2020-01-14 19:48:49,094 INFO VIPSRV-PUSH

2020-01-14 19:49:09,095 INFO VIPSRV-PUSH

2020-01-14 19:49:29,096 INFO VIPSRV-PUSH

2020-01-14 19:49:49,097 INFO VIPSRV-PUSH

2020-01-14 19:50:09,097 INFO VIPSRV-PUSH

2020-01-14 19:50:29,098 INFO VIPSRV-PUSH

2020-01-14 19:50:49,099 INFO VIPSRV-PUSH

2020-01-14 19:51:09,100 INFO VIPSRV-PUSH

2020-01-14 19:51:29,101 INFO VIPSRV-PUSH

2020-01-14 19:51:49,102 INFO VIPSRV-PUSH

2020-01-14 19:52:09,103 INFO VIPSRV-PUSH

2020-01-14 19:52:29,104 INFO VIPSRV-PUSH

2020-01-14 19:52:49,105 INFO VIPSRV-PUSH

2020-01-14 19:53:09,107 INFO VIPSRV-PUSH

2020-01-14 19:53:29,107 INFO VIPSRV-PUSH

2020-01-14 19:53:49,109 INFO VIPSRV-PUSH

2020-01-14 19:54:09,109 INFO VIPSRV-PUSH

2020-01-14 19:54:29,110 INFO VIPSRV-PUSH

2020-01-14 19:54:49,111 INFO VIPSRV-PUSH

2020-01-14 19:55:09,111 INFO VIPSRV-PUSH

2020-01-14 19:55:29,112 INFO VIPSRV-PUSH

2020-01-14 19:55:49,114 INFO VIPSRV-PUSH

2020-01-14 19:56:09,114 INFO VIPSRV-PUSH

2020-01-14 19:56:29,115 INFO VIPSRV-PUSH

2020-01-14 19:56:49,116 INFO VIPSRV-PUSH

2020-01-14 19:57:09,117 INFO VIPSRV-PUSH

2020-01-14 19:57:29,118 INFO VIPSRV-PUSH

2020-01-14 19:57:49,119 INFO VIPSRV-PUSH

2020-01-14 19:58:09,119 INFO VIPSRV-PUSH

2020-01-14 19:58:29,121 INFO VIPSRV-PUSH

2020-01-14 19:58:49,122 INFO VIPSRV-PUSH

2020-01-14 19:59:09,122 INFO VIPSRV-PUSH

2020-01-14 19:59:29,123 INFO VIPSRV-PUSH

2020-01-14 19:59:49,124 INFO VIPSRV-PUSH

2020-01-14 20:00:09,124 INFO VIPSRV-PUSH

2020-01-14 20:00:29,125 INFO VIPSRV-PUSH

2020-01-14 20:00:49,126 INFO VIPSRV-PUSH

2020-01-14 20:01:09,127 INFO VIPSRV-PUSH

2020-01-14 20:01:29,128 INFO VIPSRV-PUSH

2020-01-14 20:01:49,128 INFO VIPSRV-PUSH

2020-01-14 20:02:09,130 INFO VIPSRV-PUSH

2020-01-14 20:02:29,131 INFO VIPSRV-PUSH

2020-01-14 20:02:49,131 INFO VIPSRV-PUSH

2020-01-14 20:03:09,132 INFO VIPSRV-PUSH

2020-01-14 20:03:29,134 INFO VIPSRV-PUSH

2020-01-14 20:03:49,135 INFO VIPSRV-PUSH

2020-01-14 20:04:09,136 INFO VIPSRV-PUSH

2020-01-14 20:04:29,137 INFO VIPSRV-PUSH

2020-01-14 20:04:49,138 INFO VIPSRV-PUSH

2020-01-14 20:05:09,141 INFO VIPSRV-PUSH

2020-01-14 20:05:29,141 INFO VIPSRV-PUSH

2020-01-14 20:05:49,142 INFO VIPSRV-PUSH

2020-01-14 20:06:09,143 INFO VIPSRV-PUSH

2020-01-14 20:06:29,144 INFO VIPSRV-PUSH

2020-01-14 20:06:49,144 INFO VIPSRV-PUSH

2020-01-14 20:07:09,146 INFO VIPSRV-PUSH

2020-01-14 20:07:29,146 INFO VIPSRV-PUSH

2020-01-14 20:07:49,147 INFO VIPSRV-PUSH

2020-01-14 20:08:09,148 INFO VIPSRV-PUSH

2020-01-14 20:08:29,149 INFO VIPSRV-PUSH

2020-01-14 20:08:49,150 INFO VIPSRV-PUSH

2020-01-14 20:09:09,152 INFO VIPSRV-PUSH

2020-01-14 20:09:29,153 INFO VIPSRV-PUSH

2020-01-14 20:09:49,154 INFO VIPSRV-PUSH

2020-01-14 20:10:09,155 INFO VIPSRV-PUSH

2020-01-14 20:10:29,155 INFO VIPSRV-PUSH

2020-01-14 20:10:49,155 INFO VIPSRV-PUSH

2020-01-14 20:11:09,156 INFO VIPSRV-PUSH

2020-01-14 20:11:29,157 INFO VIPSRV-PUSH

2020-01-14 20:11:49,158 INFO VIPSRV-PUSH

2020-01-14 20:12:09,158 INFO VIPSRV-PUSH

2020-01-14 20:12:29,159 INFO VIPSRV-PUSH

2020-01-14 20:12:49,161 INFO VIPSRV-PUSH

2020-01-14 20:13:09,162 INFO VIPSRV-PUSH

2020-01-14 20:13:29,163 INFO VIPSRV-PUSH

2020-01-14 20:13:49,164 INFO VIPSRV-PUSH

2020-01-14 20:14:09,164 INFO VIPSRV-PUSH

2020-01-14 20:14:29,165 INFO VIPSRV-PUSH

2020-01-14 20:14:49,165 INFO VIPSRV-PUSH

2020-01-14 20:15:09,166 INFO VIPSRV-PUSH

2020-01-14 20:15:29,167 INFO VIPSRV-PUSH

2020-01-14 20:15:49,168 INFO VIPSRV-PUSH

2020-01-14 20:16:09,169 INFO VIPSRV-PUSH

2020-01-14 20:16:29,170 INFO VIPSRV-PUSH

2020-01-14 20:16:49,171 INFO VIPSRV-PUSH

2020-01-14 20:17:09,172 INFO VIPSRV-PUSH

2020-01-14 20:17:29,174 INFO VIPSRV-PUSH

2020-01-14 20:17:49,174 INFO VIPSRV-PUSH

2020-01-14 20:18:09,175 INFO VIPSRV-PUSH

2020-01-14 20:18:29,175 INFO VIPSRV-PUSH

2020-01-14 20:18:49,176 INFO VIPSRV-PUSH

2020-01-14 20:19:09,176 INFO VIPSRV-PUSH

2020-01-14 20:19:29,177 INFO VIPSRV-PUSH

2020-01-14 20:19:49,177 INFO VIPSRV-PUSH

2020-01-14 20:20:09,178 INFO VIPSRV-PUSH

2020-01-14 20:20:29,178 INFO VIPSRV-PUSH

2020-01-14 20:20:49,179 INFO VIPSRV-PUSH

2020-01-14 20:21:09,180 INFO VIPSRV-PUSH

2020-01-14 20:21:29,180 INFO VIPSRV-PUSH

2020-01-14 20:21:49,181 INFO VIPSRV-PUSH

2020-01-14 20:22:09,181 INFO VIPSRV-PUSH

2020-01-14 20:22:29,181 INFO VIPSRV-PUSH

2020-01-14 20:22:49,182 INFO VIPSRV-PUSH

2020-01-14 20:23:00,928 INFO nacos-consumers is changed, add it to push queue.

2020-01-14 20:23:05,928 INFO nacos-provider is changed, add it to push queue.

2020-01-14 20:23:09,182 INFO VIPSRV-PUSH

2020-01-14 20:23:10,588 INFO nacos-consumer-feign is changed, add it to push queue.

2020-01-14 20:23:15,928 INFO spring-gateway is changed, add it to push queue.

2020-01-14 20:23:15,941 INFO nacos-consumers is changed, add it to push queue.

2020-01-14 20:23:20,933 INFO nacos-provider is changed, add it to push queue.

2020-01-14 20:23:25,595 INFO nacos-consumer-feign is changed, add it to push queue.

2020-01-14 20:23:29,183 INFO VIPSRV-PUSH

2020-01-14 20:23:30,935 INFO spring-gateway is changed, add it to push queue.

2020-01-14 20:23:49,184 INFO VIPSRV-PUSH

2020-01-14 20:24:09,185 INFO VIPSRV-PUSH

2020-01-14 20:24:29,186 INFO VIPSRV-PUSH

2020-01-14 20:24:49,186 INFO VIPSRV-PUSH

2020-01-14 20:25:09,187 INFO VIPSRV-PUSH

2020-01-14 20:25:29,188 INFO VIPSRV-PUSH

2020-01-14 20:25:49,189 INFO VIPSRV-PUSH

2020-01-14 20:26:09,189 INFO VIPSRV-PUSH

2020-01-14 20:26:29,191 INFO VIPSRV-PUSH

2020-01-14 20:26:49,192 INFO VIPSRV-PUSH

2020-01-14 20:27:09,192 INFO VIPSRV-PUSH

2020-01-14 20:27:29,192 INFO VIPSRV-PUSH

2020-01-14 20:27:49,193 INFO VIPSRV-PUSH

2020-01-14 20:28:09,194 INFO VIPSRV-PUSH

2020-01-14 20:28:29,195 INFO VIPSRV-PUSH

2020-01-14 20:28:49,196 INFO VIPSRV-PUSH

2020-01-14 20:29:09,197 INFO VIPSRV-PUSH

2020-01-14 20:29:29,198 INFO VIPSRV-PUSH

2020-01-14 20:29:49,198 INFO VIPSRV-PUSH

2020-01-14 20:30:09,199 INFO VIPSRV-PUSH

2020-01-14 20:30:29,200 INFO VIPSRV-PUSH

2020-01-14 20:30:49,202 INFO VIPSRV-PUSH

2020-01-14 20:31:09,202 INFO VIPSRV-PUSH

2020-01-14 20:31:29,204 INFO VIPSRV-PUSH

2020-01-14 20:31:49,204 INFO VIPSRV-PUSH

2020-01-14 20:32:09,205 INFO VIPSRV-PUSH

2020-01-14 20:32:29,206 INFO VIPSRV-PUSH

2020-01-14 20:32:49,207 INFO VIPSRV-PUSH

2020-01-14 20:33:09,208 INFO VIPSRV-PUSH

2020-01-14 20:33:29,209 INFO VIPSRV-PUSH

2020-01-14 20:33:49,209 INFO VIPSRV-PUSH

2020-01-14 20:34:09,209 INFO VIPSRV-PUSH

2020-01-14 20:34:29,210 INFO VIPSRV-PUSH

2020-01-14 20:34:49,211 INFO VIPSRV-PUSH

2020-01-14 20:35:09,212 INFO VIPSRV-PUSH

2020-01-14 20:35:29,213 INFO VIPSRV-PUSH

2020-01-14 20:35:49,214 INFO VIPSRV-PUSH

2020-01-14 20:36:09,215 INFO VIPSRV-PUSH

2020-01-14 20:36:29,216 INFO VIPSRV-PUSH

2020-01-14 20:36:49,216 INFO VIPSRV-PUSH

2020-01-14 20:37:09,216 INFO VIPSRV-PUSH

2020-01-14 20:37:29,217 INFO VIPSRV-PUSH

2020-01-14 20:37:49,218 INFO VIPSRV-PUSH

2020-01-14 20:38:09,219 INFO VIPSRV-PUSH

2020-01-14 20:38:29,219 INFO VIPSRV-PUSH

2020-01-14 20:38:49,220 INFO VIPSRV-PUSH

2020-01-14 20:39:09,221 INFO VIPSRV-PUSH

2020-01-14 20:39:29,221 INFO VIPSRV-PUSH

2020-01-14 20:39:49,223 INFO VIPSRV-PUSH

2020-01-14 20:40:09,223 INFO VIPSRV-PUSH

2020-01-14 20:40:29,223 INFO VIPSRV-PUSH

2020-01-14 20:40:49,224 INFO VIPSRV-PUSH

2020-01-14 20:41:09,225 INFO VIPSRV-PUSH

2020-01-14 20:41:29,227 INFO VIPSRV-PUSH

2020-01-14 20:41:49,227 INFO VIPSRV-PUSH

2020-01-14 20:42:09,228 INFO VIPSRV-PUSH

2020-01-14 20:42:29,229 INFO VIPSRV-PUSH

2020-01-14 20:42:49,230 INFO VIPSRV-PUSH

2020-01-14 20:43:09,232 INFO VIPSRV-PUSH

2020-01-14 20:43:29,233 INFO VIPSRV-PUSH

2020-01-14 20:43:49,233 INFO VIPSRV-PUSH

2020-01-14 20:44:09,234 INFO VIPSRV-PUSH

2020-01-14 20:44:29,235 INFO VIPSRV-PUSH

2020-01-14 20:44:49,236 INFO VIPSRV-PUSH

2020-01-14 20:45:09,237 INFO VIPSRV-PUSH

2020-01-14 20:45:29,237 INFO VIPSRV-PUSH

2020-01-14 20:45:49,238 INFO VIPSRV-PUSH

2020-01-14 20:46:09,239 INFO VIPSRV-PUSH

2020-01-14 20:46:29,241 INFO VIPSRV-PUSH

2020-01-14 20:46:49,241 INFO VIPSRV-PUSH

2020-01-14 20:47:09,241 INFO VIPSRV-PUSH

2020-01-14 20:47:29,242 INFO VIPSRV-PUSH

2020-01-14 20:47:49,242 INFO VIPSRV-PUSH

2020-01-14 20:48:09,243 INFO VIPSRV-PUSH

2020-01-14 20:48:29,244 INFO VIPSRV-PUSH

2020-01-14 20:48:49,245 INFO VIPSRV-PUSH

2020-01-14 20:49:09,245 INFO VIPSRV-PUSH

2020-01-14 20:49:29,247 INFO VIPSRV-PUSH

2020-01-14 20:49:49,249 INFO VIPSRV-PUSH

2020-01-14 20:50:09,250 INFO VIPSRV-PUSH

2020-01-14 20:50:29,252 INFO VIPSRV-PUSH

2020-01-14 20:50:49,254 INFO VIPSRV-PUSH

2020-01-14 20:51:09,256 INFO VIPSRV-PUSH

2020-01-14 20:51:29,256 INFO VIPSRV-PUSH

2020-01-14 20:51:49,258 INFO VIPSRV-PUSH

2020-01-14 20:52:09,259 INFO VIPSRV-PUSH

2020-01-14 20:52:29,259 INFO VIPSRV-PUSH

2020-01-14 20:52:49,260 INFO VIPSRV-PUSH

2020-01-14 20:53:09,260 INFO VIPSRV-PUSH

2020-01-14 20:53:29,261 INFO VIPSRV-PUSH

2020-01-14 20:53:49,262 INFO VIPSRV-PUSH

2020-01-14 20:54:09,263 INFO VIPSRV-PUSH

2020-01-14 20:54:29,263 INFO VIPSRV-PUSH

2020-01-14 20:54:49,264 INFO VIPSRV-PUSH

2020-01-14 20:55:09,265 INFO VIPSRV-PUSH

2020-01-14 20:55:29,265 INFO VIPSRV-PUSH

2020-01-14 20:55:49,266 INFO VIPSRV-PUSH

2020-01-14 20:56:09,267 INFO VIPSRV-PUSH

2020-01-14 20:56:29,268 INFO VIPSRV-PUSH

2020-01-14 20:56:49,269 INFO VIPSRV-PUSH

2020-01-14 20:57:09,270 INFO VIPSRV-PUSH

2020-01-14 20:57:29,270 INFO VIPSRV-PUSH

2020-01-14 20:57:49,271 INFO VIPSRV-PUSH

2020-01-14 20:58:09,272 INFO VIPSRV-PUSH

2020-01-14 20:58:29,272 INFO VIPSRV-PUSH

2020-01-14 20:58:49,273 INFO VIPSRV-PUSH

2020-01-14 20:59:09,273 INFO VIPSRV-PUSH

2020-01-14 20:59:29,274 INFO VIPSRV-PUSH

2020-01-14 20:59:49,274 INFO VIPSRV-PUSH

2020-01-14 21:00:09,276 INFO VIPSRV-PUSH

2020-01-14 21:00:29,277 INFO VIPSRV-PUSH

2020-01-14 21:00:49,277 INFO VIPSRV-PUSH

2020-01-14 21:01:09,279 INFO VIPSRV-PUSH

2020-01-14 21:01:29,280 INFO VIPSRV-PUSH

2020-01-14 21:01:49,281 INFO VIPSRV-PUSH

2020-01-14 21:02:09,282 INFO VIPSRV-PUSH

2020-01-14 21:02:29,282 INFO VIPSRV-PUSH

2020-01-14 21:02:49,282 INFO VIPSRV-PUSH

2020-01-14 21:03:09,283 INFO VIPSRV-PUSH

2020-01-14 21:03:29,284 INFO VIPSRV-PUSH

2020-01-14 21:03:49,285 INFO VIPSRV-PUSH

2020-01-14 21:04:09,285 INFO VIPSRV-PUSH

2020-01-14 21:04:29,286 INFO VIPSRV-PUSH

2020-01-14 21:04:49,286 INFO VIPSRV-PUSH

2020-01-14 21:05:09,287 INFO VIPSRV-PUSH

2020-01-14 21:05:29,288 INFO VIPSRV-PUSH

2020-01-14 21:05:49,289 INFO VIPSRV-PUSH

2020-01-14 21:06:09,289 INFO VIPSRV-PUSH

2020-01-14 21:06:29,290 INFO VIPSRV-PUSH

2020-01-14 21:06:49,291 INFO VIPSRV-PUSH

2020-01-14 21:07:09,291 INFO VIPSRV-PUSH

2020-01-14 21:07:29,292 INFO VIPSRV-PUSH

2020-01-14 21:07:49,293 INFO VIPSRV-PUSH

2020-01-14 21:08:09,293 INFO VIPSRV-PUSH

2020-01-14 21:08:29,294 INFO VIPSRV-PUSH

2020-01-14 21:08:49,294 INFO VIPSRV-PUSH

2020-01-14 21:09:09,295 INFO VIPSRV-PUSH

2020-01-14 21:09:29,296 INFO VIPSRV-PUSH

2020-01-14 21:09:49,297 INFO VIPSRV-PUSH

2020-01-14 21:10:09,299 INFO VIPSRV-PUSH

2020-01-14 21:10:29,300 INFO VIPSRV-PUSH

2020-01-14 21:10:49,300 INFO VIPSRV-PUSH

2020-01-14 21:11:09,301 INFO VIPSRV-PUSH

2020-01-14 21:11:29,302 INFO VIPSRV-PUSH

2020-01-14 21:11:49,303 INFO VIPSRV-PUSH

2020-01-14 21:12:09,303 INFO VIPSRV-PUSH

2020-01-14 21:12:29,304 INFO VIPSRV-PUSH

2020-01-14 21:12:49,304 INFO VIPSRV-PUSH

2020-01-14 21:13:09,305 INFO VIPSRV-PUSH

2020-01-14 21:13:29,306 INFO VIPSRV-PUSH

2020-01-14 21:13:49,306 INFO VIPSRV-PUSH

2020-01-14 21:14:09,307 INFO VIPSRV-PUSH

2020-01-14 21:14:29,307 INFO VIPSRV-PUSH

2020-01-14 21:14:49,308 INFO VIPSRV-PUSH

2020-01-14 21:15:09,310 INFO VIPSRV-PUSH

2020-01-14 21:15:29,311 INFO VIPSRV-PUSH

2020-01-14 21:15:49,311 INFO VIPSRV-PUSH

2020-01-14 21:16:09,312 INFO VIPSRV-PUSH

2020-01-14 21:16:29,312 INFO VIPSRV-PUSH

2020-01-14 21:16:49,313 INFO VIPSRV-PUSH

2020-01-14 21:17:09,313 INFO VIPSRV-PUSH

2020-01-14 21:17:29,314 INFO VIPSRV-PUSH

2020-01-14 21:17:49,314 INFO VIPSRV-PUSH

2020-01-14 21:18:09,315 INFO VIPSRV-PUSH

2020-01-14 21:18:29,315 INFO VIPSRV-PUSH

2020-01-14 21:18:49,316 INFO VIPSRV-PUSH

2020-01-14 21:19:09,317 INFO VIPSRV-PUSH

2020-01-14 21:19:29,318 INFO VIPSRV-PUSH

2020-01-14 21:19:49,318 INFO VIPSRV-PUSH

2020-01-14 21:20:09,319 INFO VIPSRV-PUSH

2020-01-14 21:20:29,320 INFO VIPSRV-PUSH

2020-01-14 21:20:49,321 INFO VIPSRV-PUSH

2020-01-14 21:21:09,322 INFO VIPSRV-PUSH

2020-01-14 21:21:29,322 INFO VIPSRV-PUSH

2020-01-14 21:21:49,323 INFO VIPSRV-PUSH

2020-01-14 21:22:09,323 INFO VIPSRV-PUSH

2020-01-14 21:22:29,324 INFO VIPSRV-PUSH

2020-01-14 21:22:49,325 INFO VIPSRV-PUSH

2020-01-14 21:23:09,325 INFO VIPSRV-PUSH

2020-01-14 21:23:29,326 INFO VIPSRV-PUSH

2020-01-14 21:23:49,326 INFO VIPSRV-PUSH

2020-01-14 21:24:09,328 INFO VIPSRV-PUSH

2020-01-14 21:24:29,329 INFO VIPSRV-PUSH

2020-01-14 21:24:49,331 INFO VIPSRV-PUSH

2020-01-14 21:25:09,332 INFO VIPSRV-PUSH

2020-01-14 21:25:29,333 INFO VIPSRV-PUSH

2020-01-14 21:25:49,333 INFO VIPSRV-PUSH

2020-01-14 21:26:09,335 INFO VIPSRV-PUSH

2020-01-14 21:26:29,335 INFO VIPSRV-PUSH

2020-01-14 21:26:49,336 INFO VIPSRV-PUSH

2020-01-14 21:27:09,338 INFO VIPSRV-PUSH

2020-01-14 21:27:29,338 INFO VIPSRV-PUSH

2020-01-14 21:27:49,339 INFO VIPSRV-PUSH

2020-01-14 21:28:09,341 INFO VIPSRV-PUSH

2020-01-14 21:28:29,341 INFO VIPSRV-PUSH

2020-01-14 21:28:49,342 INFO VIPSRV-PUSH

2020-01-14 21:29:09,344 INFO VIPSRV-PUSH

2020-01-14 21:29:29,344 INFO VIPSRV-PUSH

2020-01-14 21:29:49,346 INFO VIPSRV-PUSH

2020-01-14 21:30:09,346 INFO VIPSRV-PUSH

2020-01-14 21:30:29,347 INFO VIPSRV-PUSH

2020-01-14 21:30:49,348 INFO VIPSRV-PUSH

2020-01-14 21:31:09,348 INFO VIPSRV-PUSH

2020-01-14 21:31:29,349 INFO VIPSRV-PUSH

2020-01-14 21:31:49,351 INFO VIPSRV-PUSH

2020-01-14 21:32:09,353 INFO VIPSRV-PUSH

2020-01-14 21:32:29,354 INFO VIPSRV-PUSH

2020-01-14 21:32:49,355 INFO VIPSRV-PUSH

2020-01-14 21:33:09,356 INFO VIPSRV-PUSH

2020-01-14 21:33:29,356 INFO VIPSRV-PUSH

2020-01-14 21:33:49,357 INFO VIPSRV-PUSH

2020-01-14 21:34:09,358 INFO VIPSRV-PUSH

2020-01-14 21:34:29,359 INFO VIPSRV-PUSH

2020-01-14 21:34:49,360 INFO VIPSRV-PUSH

2020-01-14 21:35:09,362 INFO VIPSRV-PUSH

2020-01-14 21:35:29,363 INFO VIPSRV-PUSH

2020-01-14 21:35:49,364 INFO VIPSRV-PUSH

2020-01-14 21:36:09,365 INFO VIPSRV-PUSH

2020-01-14 21:36:29,366 INFO VIPSRV-PUSH

2020-01-14 21:36:49,366 INFO VIPSRV-PUSH

2020-01-14 21:37:09,368 INFO VIPSRV-PUSH

2020-01-14 21:37:29,370 INFO VIPSRV-PUSH

2020-01-14 21:37:49,371 INFO VIPSRV-PUSH

2020-01-14 21:38:09,372 INFO VIPSRV-PUSH

2020-01-14 21:38:29,373 INFO VIPSRV-PUSH

2020-01-14 21:38:49,373 INFO VIPSRV-PUSH

2020-01-14 21:39:09,374 INFO VIPSRV-PUSH

2020-01-14 21:39:29,375 INFO VIPSRV-PUSH

2020-01-14 21:39:49,376 INFO VIPSRV-PUSH

2020-01-14 21:40:09,376 INFO VIPSRV-PUSH

2020-01-14 21:40:29,377 INFO VIPSRV-PUSH

2020-01-14 21:40:49,379 INFO VIPSRV-PUSH

2020-01-14 21:41:09,379 INFO VIPSRV-PUSH

2020-01-14 21:41:29,381 INFO VIPSRV-PUSH

2020-01-14 21:41:49,382 INFO VIPSRV-PUSH

2020-01-14 21:42:09,382 INFO VIPSRV-PUSH

2020-01-14 21:42:29,383 INFO VIPSRV-PUSH

2020-01-14 21:42:49,384 INFO VIPSRV-PUSH

2020-01-14 21:43:09,385 INFO VIPSRV-PUSH

2020-01-14 21:43:29,385 INFO VIPSRV-PUSH

2020-01-14 21:43:49,387 INFO VIPSRV-PUSH

2020-01-14 21:44:09,388 INFO VIPSRV-PUSH

2020-01-14 21:44:29,389 INFO VIPSRV-PUSH

2020-01-14 21:44:49,389 INFO VIPSRV-PUSH

2020-01-14 21:45:09,391 INFO VIPSRV-PUSH

2020-01-14 21:45:29,391 INFO VIPSRV-PUSH

2020-01-14 21:45:49,391 INFO VIPSRV-PUSH

2020-01-14 21:46:09,393 INFO VIPSRV-PUSH

2020-01-14 21:46:29,394 INFO VIPSRV-PUSH

2020-01-14 21:46:49,395 INFO VIPSRV-PUSH

2020-01-14 21:47:09,396 INFO VIPSRV-PUSH

2020-01-14 21:47:29,397 INFO VIPSRV-PUSH

2020-01-14 21:47:49,399 INFO VIPSRV-PUSH

2020-01-14 21:48:09,400 INFO VIPSRV-PUSH

2020-01-14 21:48:29,401 INFO VIPSRV-PUSH

2020-01-14 21:48:49,401 INFO VIPSRV-PUSH

2020-01-14 21:49:09,402 INFO VIPSRV-PUSH

2020-01-14 21:49:29,402 INFO VIPSRV-PUSH

2020-01-14 21:49:49,403 INFO VIPSRV-PUSH

2020-01-14 21:50:09,403 INFO VIPSRV-PUSH

2020-01-14 21:50:29,404 INFO VIPSRV-PUSH

2020-01-14 21:50:49,405 INFO VIPSRV-PUSH

2020-01-14 21:51:09,406 INFO VIPSRV-PUSH

2020-01-14 21:51:29,407 INFO VIPSRV-PUSH

2020-01-14 21:51:49,407 INFO VIPSRV-PUSH

2020-01-14 21:52:09,408 INFO VIPSRV-PUSH

2020-01-14 21:52:29,408 INFO VIPSRV-PUSH

2020-01-14 21:52:49,408 INFO VIPSRV-PUSH

2020-01-14 21:53:09,409 INFO VIPSRV-PUSH

2020-01-14 21:53:29,410 INFO VIPSRV-PUSH

2020-01-14 21:53:49,411 INFO VIPSRV-PUSH

2020-01-14 21:54:09,413 INFO VIPSRV-PUSH

2020-01-14 21:54:29,413 INFO VIPSRV-PUSH

2020-01-14 21:54:49,413 INFO VIPSRV-PUSH

2020-01-14 21:55:09,414 INFO VIPSRV-PUSH

2020-01-14 21:55:29,414 INFO VIPSRV-PUSH

2020-01-14 21:55:49,415 INFO VIPSRV-PUSH

2020-01-14 21:56:09,415 INFO VIPSRV-PUSH

2020-01-14 21:56:29,415 INFO VIPSRV-PUSH

2020-01-14 21:56:49,416 INFO VIPSRV-PUSH

2020-01-14 21:57:09,417 INFO VIPSRV-PUSH

2020-01-14 21:57:29,417 INFO VIPSRV-PUSH

2020-01-14 21:57:49,419 INFO VIPSRV-PUSH

2020-01-14 21:58:09,420 INFO VIPSRV-PUSH

2020-01-14 21:58:29,421 INFO VIPSRV-PUSH

2020-01-14 21:58:49,422 INFO VIPSRV-PUSH

2020-01-14 21:59:09,424 INFO VIPSRV-PUSH

2020-01-14 21:59:29,426 INFO VIPSRV-PUSH

2020-01-14 21:59:49,427 INFO VIPSRV-PUSH

2020-01-14 22:00:09,427 INFO VIPSRV-PUSH

2020-01-14 22:00:29,428 INFO VIPSRV-PUSH

2020-01-14 22:00:49,429 INFO VIPSRV-PUSH

2020-01-14 22:01:09,431 INFO VIPSRV-PUSH

2020-01-14 22:01:29,432 INFO VIPSRV-PUSH

2020-01-14 22:01:49,432 INFO VIPSRV-PUSH

2020-01-14 22:02:09,433 INFO VIPSRV-PUSH

2020-01-14 22:02:29,434 INFO VIPSRV-PUSH

2020-01-14 22:02:49,435 INFO VIPSRV-PUSH

2020-01-14 22:03:09,437 INFO VIPSRV-PUSH

2020-01-14 22:03:29,438 INFO VIPSRV-PUSH

2020-01-14 22:03:49,438 INFO VIPSRV-PUSH

2020-01-14 22:04:09,439 INFO VIPSRV-PUSH

2020-01-14 22:04:29,441 INFO VIPSRV-PUSH

2020-01-14 22:04:49,442 INFO VIPSRV-PUSH

2020-01-14 22:05:09,443 INFO VIPSRV-PUSH

2020-01-14 22:05:29,443 INFO VIPSRV-PUSH

2020-01-14 22:05:49,444 INFO VIPSRV-PUSH

2020-01-14 22:06:09,444 INFO VIPSRV-PUSH

2020-01-14 22:06:29,446 INFO VIPSRV-PUSH

2020-01-14 22:06:49,446 INFO VIPSRV-PUSH

2020-01-14 22:07:09,449 INFO VIPSRV-PUSH

2020-01-14 22:07:29,449 INFO VIPSRV-PUSH

2020-01-14 22:07:49,450 INFO VIPSRV-PUSH

2020-01-14 22:08:09,451 INFO VIPSRV-PUSH

2020-01-14 22:08:29,451 INFO VIPSRV-PUSH

2020-01-14 22:08:49,452 INFO VIPSRV-PUSH

2020-01-14 22:09:09,452 INFO VIPSRV-PUSH

2020-01-14 22:09:29,452 INFO VIPSRV-PUSH

2020-01-14 22:09:49,453 INFO VIPSRV-PUSH

2020-01-14 22:10:09,454 INFO VIPSRV-PUSH

2020-01-14 22:10:29,455 INFO VIPSRV-PUSH

2020-01-14 22:10:49,456 INFO VIPSRV-PUSH

2020-01-14 22:11:09,456 INFO VIPSRV-PUSH

2020-01-14 22:11:29,458 INFO VIPSRV-PUSH

2020-01-14 22:11:49,459 INFO VIPSRV-PUSH

2020-01-14 22:12:09,459 INFO VIPSRV-PUSH

2020-01-14 22:12:29,460 INFO VIPSRV-PUSH

2020-01-14 22:12:49,461 INFO VIPSRV-PUSH

2020-01-14 22:13:09,463 INFO VIPSRV-PUSH

2020-01-14 22:13:29,463 INFO VIPSRV-PUSH

2020-01-14 22:13:49,463 INFO VIPSRV-PUSH

2020-01-14 22:14:09,465 INFO VIPSRV-PUSH

2020-01-14 22:14:29,466 INFO VIPSRV-PUSH

2020-01-14 22:14:49,467 INFO VIPSRV-PUSH

2020-01-14 22:15:09,467 INFO VIPSRV-PUSH

2020-01-14 22:15:29,469 INFO VIPSRV-PUSH

2020-01-14 22:15:49,469 INFO VIPSRV-PUSH

2020-01-14 22:16:09,470 INFO VIPSRV-PUSH

2020-01-14 22:16:29,470 INFO VIPSRV-PUSH

2020-01-14 22:16:49,472 INFO VIPSRV-PUSH

2020-01-14 22:17:09,472 INFO VIPSRV-PUSH

2020-01-14 22:17:29,473 INFO VIPSRV-PUSH

2020-01-14 22:17:49,474 INFO VIPSRV-PUSH

2020-01-14 22:18:09,474 INFO VIPSRV-PUSH

2020-01-14 22:18:29,476 INFO VIPSRV-PUSH

2020-01-14 22:18:49,477 INFO VIPSRV-PUSH

2020-01-14 22:19:09,478 INFO VIPSRV-PUSH

2020-01-14 22:19:29,478 INFO VIPSRV-PUSH

2020-01-14 22:19:49,480 INFO VIPSRV-PUSH

2020-01-14 22:20:09,481 INFO VIPSRV-PUSH

2020-01-14 22:20:29,482 INFO VIPSRV-PUSH

2020-01-14 22:20:49,483 INFO VIPSRV-PUSH

2020-01-14 22:21:09,484 INFO VIPSRV-PUSH

2020-01-14 22:21:29,485 INFO VIPSRV-PUSH

2020-01-14 22:21:49,485 INFO VIPSRV-PUSH

2020-01-14 22:22:09,485 INFO VIPSRV-PUSH

2020-01-14 22:22:29,487 INFO VIPSRV-PUSH

2020-01-14 22:22:49,488 INFO VIPSRV-PUSH

2020-01-14 22:23:09,489 INFO VIPSRV-PUSH

2020-01-14 22:23:29,489 INFO VIPSRV-PUSH

2020-01-14 22:23:49,489 INFO VIPSRV-PUSH

2020-01-14 22:24:09,490 INFO VIPSRV-PUSH

2020-01-14 22:24:29,491 INFO VIPSRV-PUSH

2020-01-14 22:24:49,493 INFO VIPSRV-PUSH

2020-01-14 22:25:09,494 INFO VIPSRV-PUSH

2020-01-14 22:25:29,495 INFO VIPSRV-PUSH

2020-01-14 22:25:49,496 INFO VIPSRV-PUSH

2020-01-14 22:26:09,497 INFO VIPSRV-PUSH

2020-01-14 22:26:29,497 INFO VIPSRV-PUSH

2020-01-14 22:26:49,498 INFO VIPSRV-PUSH

2020-01-14 22:27:09,500 INFO VIPSRV-PUSH

2020-01-14 22:27:29,501 INFO VIPSRV-PUSH

2020-01-14 22:27:49,502 INFO VIPSRV-PUSH

2020-01-14 22:28:09,502 INFO VIPSRV-PUSH

2020-01-14 22:28:29,503 INFO VIPSRV-PUSH

2020-01-14 22:28:49,505 INFO VIPSRV-PUSH

2020-01-14 22:29:09,505 INFO VIPSRV-PUSH

2020-01-14 22:29:29,507 INFO VIPSRV-PUSH

2020-01-14 22:29:49,508 INFO VIPSRV-PUSH

2020-01-14 22:30:09,510 INFO VIPSRV-PUSH

2020-01-14 22:30:29,510 INFO VIPSRV-PUSH

2020-01-14 22:30:49,511 INFO VIPSRV-PUSH

2020-01-14 22:31:09,511 INFO VIPSRV-PUSH

2020-01-14 22:31:29,512 INFO VIPSRV-PUSH

2020-01-14 22:31:49,512 INFO VIPSRV-PUSH

